<?xml version="1.0" encoding="UTF-8" ?>
<testsuites>
 <testsuite name="User List" timestamp="2016-08-16T13:31:47" hostname="localhost" time="11.725" errors="0" tests="0" skipped="0" disabled="0" failures="0">
 </testsuite>
 <testsuite name="User List.When user signIn with administrator and click user list: " timestamp="2016-08-16T13:31:47" hostname="localhost" time="8.313" errors="0" tests="1" skipped="0" disabled="0" failures="0">
  <testcase classname="User List.When user signIn with administrator and click user list: " name="Should check into the user list page" time="8.312" />
 </testsuite>
 <testsuite name="User List.When user clicks the bucket list : " timestamp="2016-08-16T13:31:55" hostname="localhost" time="3.412" errors="0" tests="1" skipped="0" disabled="0" failures="0">
  <testcase classname="User List.When user clicks the bucket list : " name="Should check back the bucket page" time="3.412" />
 </testsuite>
 <testsuite name="Create User" timestamp="2016-08-16T13:31:58" hostname="localhost" time="65.207" errors="0" tests="0" skipped="0" disabled="0" failures="0">
 </testsuite>
 <testsuite name="Create User.When admin into the manager page and click create user: " timestamp="2016-08-16T13:31:58" hostname="localhost" time="4.132" errors="0" tests="1" skipped="0" disabled="0" failures="0">
  <testcase classname="Create User.When admin into the manager page and click create user: " name="Should check into the create user page" time="4.132" />
 </testsuite>
 <testsuite name="Create User.When admin has not input e-mail, password, and password confirmation : " timestamp="2016-08-16T13:32:02" hostname="localhost" time="4.206" errors="0" tests="1" skipped="0" disabled="0" failures="0">
  <testcase classname="Create User.When admin has not input e-mail, password, and password confirmation : " name="Should check the [CREATE] button is disabled" time="4.206" />
 </testsuite>
 <testsuite name="Create User.When admin inputs null in the account and password : " timestamp="2016-08-16T13:32:07" hostname="localhost" time="5.574" errors="0" tests="1" skipped="0" disabled="0" failures="0">
  <testcase classname="Create User.When admin inputs null in the account and password : " name="Should check [CREATE] button is disabled and the message displayed" time="5.574" />
 </testsuite>
 <testsuite name="Create User.When admin click create account and click [X] button : " timestamp="2016-08-16T13:32:12" hostname="localhost" time="4.703" errors="0" tests="1" skipped="0" disabled="0" failures="0">
  <testcase classname="Create User.When admin click create account and click [X] button : " name="Should check create account form is close" time="4.702" />
 </testsuite>
 <testsuite name="Create User.When admin click create account and click [CANCEL] button : " timestamp="2016-08-16T13:32:17" hostname="localhost" time="5.001" errors="0" tests="1" skipped="0" disabled="0" failures="0">
  <testcase classname="Create User.When admin click create account and click [CANCEL] button : " name="Should check create account form is close" time="5.001" />
 </testsuite>
 <testsuite name="Create User.When admin inputs the correct format for e-mail : " timestamp="2016-08-16T13:32:22" hostname="localhost" time="4.89" errors="0" tests="1" skipped="0" disabled="0" failures="0">
  <testcase classname="Create User.When admin inputs the correct format for e-mail : " name="Should check the [CREATE] button is disabled" time="4.89" />
 </testsuite>
 <testsuite name="Create User.When admin inputs the incorrect format for e-mail" timestamp="2016-08-16T13:32:27" hostname="localhost" time="5.455" errors="0" tests="1" skipped="0" disabled="0" failures="0">
  <testcase classname="Create User.When admin inputs the incorrect format for e-mail" name="Should check the [CREATE] button is disabled and the message displayed" time="5.455" />
 </testsuite>
 <testsuite name="Create User.When admin inputs the correct format for password : " timestamp="2016-08-16T13:32:32" hostname="localhost" time="4.507" errors="0" tests="1" skipped="0" disabled="0" failures="0">
  <testcase classname="Create User.When admin inputs the correct format for password : " name="Should check [CREATE] button is disabled" time="4.507" />
 </testsuite>
 <testsuite name="Create User.When admin inputs the incorrect format for password : " timestamp="2016-08-16T13:32:37" hostname="localhost" time="4.727" errors="0" tests="1" skipped="0" disabled="0" failures="0">
  <testcase classname="Create User.When admin inputs the incorrect format for password : " name="Should check the [CREATE] button is disabled and the message displayed" time="4.727" />
 </testsuite>
 <testsuite name="Create User.When admin inputs the password and confirmation is inconsistent :" timestamp="2016-08-16T13:32:42" hostname="localhost" time="4.842" errors="0" tests="1" skipped="0" disabled="0" failures="0">
  <testcase classname="Create User.When admin inputs the password and confirmation is inconsistent :" name="Should check the [CREATE] button is disabled and the message displayed" time="4.842" />
 </testsuite>
 <testsuite name="Create User.When admin inputs the e-mail, password and confirmation : " timestamp="2016-08-16T13:32:46" hostname="localhost" time="5.319" errors="0" tests="1" skipped="0" disabled="0" failures="0">
  <testcase classname="Create User.When admin inputs the e-mail, password and confirmation : " name="Should check [CREATE] button is enabled." time="5.318" />
 </testsuite>
 <testsuite name="Create User.When admin inputs the e-mail, password and confirmation and clicks the [SIGN UP] : " timestamp="2016-08-16T13:32:52" hostname="localhost" time="6.529" errors="0" tests="1" skipped="0" disabled="0" failures="0">
  <testcase classname="Create User.When admin inputs the e-mail, password and confirmation and clicks the [SIGN UP] : " name="Should check show create success message" time="6.518" />
 </testsuite>
 <testsuite name="Create User.When admin inputs an already existing e-mail :" timestamp="2016-08-16T13:32:58" hostname="localhost" time="5.322" errors="0" tests="1" skipped="0" disabled="0" failures="0">
  <testcase classname="Create User.When admin inputs an already existing e-mail :" name="Should check the [CREATE] button is disabled and the message displayed" time="5.322" />
 </testsuite>
 <testsuite name="Search Account and Role" timestamp="2016-08-16T13:33:04" hostname="localhost" time="12.24" errors="0" tests="0" skipped="0" disabled="0" failures="0">
 </testsuite>
 <testsuite name="Search Account and Role.When admin input incorrect account or role : " timestamp="2016-08-16T13:33:04" hostname="localhost" time="4.033" errors="0" tests="1" skipped="0" disabled="0" failures="0">
  <testcase classname="Search Account and Role.When admin input incorrect account or role : " name="Should check user list count is zero" time="4.032" />
 </testsuite>
 <testsuite name="Search Account and Role.When admin input admin role : " timestamp="2016-08-16T13:33:08" hostname="localhost" time="4.202" errors="0" tests="1" skipped="0" disabled="0" failures="0">
  <testcase classname="Search Account and Role.When admin input admin role : " name="Should check user list count is not zero" time="4.202" />
 </testsuite>
 <testsuite name="Search Account and Role.When admin input incorrect account : " timestamp="2016-08-16T13:33:12" hostname="localhost" time="4.005" errors="0" tests="1" skipped="0" disabled="0" failures="0">
  <testcase classname="Search Account and Role.When admin input incorrect account : " name="Should check user list have this account and count is one" time="4.005" />
 </testsuite>
 <testsuite name="Reset Password" timestamp="2016-08-16T13:33:16" hostname="localhost" time="69.858" errors="0" tests="0" skipped="0" disabled="0" failures="0">
 </testsuite>
 <testsuite name="Reset Password.When admin not select account : " timestamp="2016-08-16T13:33:16" hostname="localhost" time="3.602" errors="0" tests="1" skipped="0" disabled="0" failures="0">
  <testcase classname="Reset Password.When admin not select account : " name="Should check the [RESET PASSWORD] button is disabled" time="3.601" />
 </testsuite>
 <testsuite name="Reset Password.When admin select account : " timestamp="2016-08-16T13:33:19" hostname="localhost" time="4.773" errors="0" tests="1" skipped="0" disabled="0" failures="0">
  <testcase classname="Reset Password.When admin select account : " name="Should check the [RESET PASSWORD] button is enabled" time="4.773" />
 </testsuite>
 <testsuite name="Reset Password.When admin select account and click [RESET PASSWORD] button: " timestamp="2016-08-16T13:33:24" hostname="localhost" time="5.546" errors="0" tests="1" skipped="0" disabled="0" failures="0">
  <testcase classname="Reset Password.When admin select account and click [RESET PASSWORD] button: " name="Should check into the reset password form " time="5.546" />
 </testsuite>
 <testsuite name="Reset Password.When admin click [RESET PASSWORD] button and click [X] button : " timestamp="2016-08-16T13:33:30" hostname="localhost" time="6.302" errors="0" tests="1" skipped="0" disabled="0" failures="0">
  <testcase classname="Reset Password.When admin click [RESET PASSWORD] button and click [X] button : " name="Should check reset password form is close" time="6.302" />
 </testsuite>
 <testsuite name="Reset Password.When admin click [RESET PASSWORD] button and click [CANCEL] button : " timestamp="2016-08-16T13:33:36" hostname="localhost" time="6.466" errors="0" tests="1" skipped="0" disabled="0" failures="0">
  <testcase classname="Reset Password.When admin click [RESET PASSWORD] button and click [CANCEL] button : " name="Should check reset password form is close" time="6.466" />
 </testsuite>
 <testsuite name="Reset Password.When admin not inputs password and password confirmation : " timestamp="2016-08-16T13:33:42" hostname="localhost" time="5.438" errors="0" tests="1" skipped="0" disabled="0" failures="0">
  <testcase classname="Reset Password.When admin not inputs password and password confirmation : " name="Should check the [RESET] button is disabled" time="5.438" />
 </testsuite>
 <testsuite name="Reset Password.When admin not input password and password confirmation : " timestamp="2016-08-16T13:33:48" hostname="localhost" time="6.656" errors="0" tests="1" skipped="0" disabled="0" failures="0">
  <testcase classname="Reset Password.When admin not input password and password confirmation : " name="Should check the [RESET] button is disabled and the message displayed " time="6.655" />
 </testsuite>
 <testsuite name="Reset Password.When admin inputs the correct format for password : " timestamp="2016-08-16T13:33:55" hostname="localhost" time="5.83" errors="0" tests="1" skipped="0" disabled="0" failures="0">
  <testcase classname="Reset Password.When admin inputs the correct format for password : " name="Should check [RESET] button is disabled" time="5.829" />
 </testsuite>
 <testsuite name="Reset Password.When admin inputs the incorrect format for password : " timestamp="2016-08-16T13:34:00" hostname="localhost" time="6.247" errors="0" tests="1" skipped="0" disabled="0" failures="0">
  <testcase classname="Reset Password.When admin inputs the incorrect format for password : " name="Should check the [RESET] button is disabled and the message displayed" time="6.247" />
 </testsuite>
 <testsuite name="Reset Password.When admin inputs the password and confirmation is inconsistent :" timestamp="2016-08-16T13:34:07" hostname="localhost" time="6.254" errors="0" tests="1" skipped="0" disabled="0" failures="0">
  <testcase classname="Reset Password.When admin inputs the password and confirmation is inconsistent :" name="Should check the [RESET] button is disabled and the message displayed" time="6.254" />
 </testsuite>
 <testsuite name="Reset Password.When admin inputs the password and confirmation : " timestamp="2016-08-16T13:34:13" hostname="localhost" time="5.848" errors="0" tests="1" skipped="0" disabled="0" failures="0">
  <testcase classname="Reset Password.When admin inputs the password and confirmation : " name="Should check [RESET] button is enabled." time="5.848" />
 </testsuite>
 <testsuite name="Reset Password.When admin inputs the password and confirmation and clicks the [SIGN UP] : " timestamp="2016-08-16T13:34:19" hostname="localhost" time="6.895" errors="0" tests="1" skipped="0" disabled="0" failures="0">
  <testcase classname="Reset Password.When admin inputs the password and confirmation and clicks the [SIGN UP] : " name="Should check show reset password success message" time="6.895" />
 </testsuite>
 <testsuite name="Delete User" timestamp="2016-08-16T13:34:26" hostname="localhost" time="56.079" errors="0" tests="0" skipped="0" disabled="0" failures="0">
 </testsuite>
 <testsuite name="Delete User.When admin into the manager page: " timestamp="2016-08-16T13:34:26" hostname="localhost" time="3.32" errors="0" tests="1" skipped="0" disabled="0" failures="0">
  <testcase classname="Delete User.When admin into the manager page: " name="Should check the [DELETE ACCOUNT] button is disabled : " time="3.32" />
 </testsuite>
 <testsuite name="Delete User.When admin select one account : " timestamp="2016-08-16T13:34:29" hostname="localhost" time="3.958" errors="0" tests="1" skipped="0" disabled="0" failures="0">
  <testcase classname="Delete User.When admin select one account : " name="Should check the [DELETE ACCOUNT] button is enabled : " time="3.958" />
 </testsuite>
 <testsuite name="Delete User.When admin select over one account : " timestamp="2016-08-16T13:34:33" hostname="localhost" time="4.842" errors="0" tests="1" skipped="0" disabled="0" failures="0">
  <testcase classname="Delete User.When admin select over one account : " name="Should check the [DELETE ACCOUNT] button is enabled : " time="4.842" />
 </testsuite>
 <testsuite name="Delete User.When admin click the [DELETE ACCOUNT] button : " timestamp="2016-08-16T13:34:38" hostname="localhost" time="5.436" errors="0" tests="1" skipped="0" disabled="0" failures="0">
  <testcase classname="Delete User.When admin click the [DELETE ACCOUNT] button : " name="Should check into the delete account page : " time="5.435" />
 </testsuite>
 <testsuite name="Delete User.When admin click [DELETE ACCOUNT] button and click [X] button : " timestamp="2016-08-16T13:34:43" hostname="localhost" time="6.451" errors="0" tests="1" skipped="0" disabled="0" failures="0">
  <testcase classname="Delete User.When admin click [DELETE ACCOUNT] button and click [X] button : " name="Should check delete account form is close" time="6.451" />
 </testsuite>
 <testsuite name="Delete User.When admin click [DELETE ACCOUNT] button and click [CANCEL] button : " timestamp="2016-08-16T13:34:50" hostname="localhost" time="6.035" errors="0" tests="1" skipped="0" disabled="0" failures="0">
  <testcase classname="Delete User.When admin click [DELETE ACCOUNT] button and click [CANCEL] button : " name="Should check delete account form is close" time="6.035" />
 </testsuite>
 <testsuite name="Delete User.When admin input null e-mail : " timestamp="2016-08-16T13:34:56" hostname="localhost" time="6.041" errors="0" tests="1" skipped="0" disabled="0" failures="0">
  <testcase classname="Delete User.When admin input null e-mail : " name="Should check the [DELETE] button is disabled and the message displayed : " time="6.041" />
 </testsuite>
 <testsuite name="Delete User.When admin input incorrect e-mail : " timestamp="2016-08-16T13:35:02" hostname="localhost" time="6.304" errors="0" tests="1" skipped="0" disabled="0" failures="0">
  <testcase classname="Delete User.When admin input incorrect e-mail : " name="Should check the [DELETE] button is disabled and the message displayed : " time="6.303" />
 </testsuite>
 <testsuite name="Delete User.When admin input correct e-mail : " timestamp="2016-08-16T13:35:08" hostname="localhost" time="6.154" errors="0" tests="1" skipped="0" disabled="0" failures="0">
  <testcase classname="Delete User.When admin input correct e-mail : " name="Should check the [DELETE] button is enabled : " time="6.154" />
 </testsuite>
 <testsuite name="Delete User.When admin input correct e-mail : " timestamp="2016-08-16T13:35:14" hostname="localhost" time="7.536" errors="0" tests="1" skipped="0" disabled="0" failures="0">
  <testcase classname="Delete User.When admin input correct e-mail : " name="Should check the [DELETE] button is enabled : " time="7.536" />
 </testsuite>
 <testsuite name="Administrator Translation" timestamp="2016-08-16T13:35:22" hostname="localhost" time="359.181" errors="0" tests="0" skipped="0" disabled="0" failures="0">
 </testsuite>
 <testsuite name="Administrator Translation.When user into the manage page and selects the Traditional Chinese language: " timestamp="2016-08-16T13:35:22" hostname="localhost" time="4.427" errors="0" tests="1" skipped="0" disabled="0" failures="0">
  <testcase classname="Administrator Translation.When user into the manage page and selects the Traditional Chinese language: " name="Should check every elements using the right language" time="4.427" />
 </testsuite>
 <testsuite name="Administrator Translation.When user into the manage page and selects the Traditional Chinese language: " timestamp="2016-08-16T13:35:26" hostname="localhost" time="5.271" errors="0" tests="1" skipped="0" disabled="0" failures="0">
  <testcase classname="Administrator Translation.When user into the manage page and selects the Traditional Chinese language: " name="Should check every elements using the right language" time="5.271" />
 </testsuite>
 <testsuite name="Administrator Translation.When admin into the create account page and selects the Traditional Chinese language: " timestamp="2016-08-16T13:35:31" hostname="localhost" time="5.897" errors="0" tests="1" skipped="0" disabled="0" failures="0">
  <testcase classname="Administrator Translation.When admin into the create account page and selects the Traditional Chinese language: " name="Should check every elements using the right language" time="5.897" />
 </testsuite>
 <testsuite name="Administrator Translation.When admin inputs null e-mail,password and password confirmation and selects the Traditional Chinese language: " timestamp="2016-08-16T13:35:37" hostname="localhost" time="7.141" errors="0" tests="1" skipped="0" disabled="0" failures="0">
  <testcase classname="Administrator Translation.When admin inputs null e-mail,password and password confirmation and selects the Traditional Chinese language: " name="Should check every elements using the right language" time="7.141" />
 </testsuite>
 <testsuite name="Administrator Translation.When admin inputs incorrect e-mail,password and password confirmation and selects the Traditional Chinese language: " timestamp="2016-08-16T13:35:44" hostname="localhost" time="7.673" errors="0" tests="1" skipped="0" disabled="0" failures="0">
  <testcase classname="Administrator Translation.When admin inputs incorrect e-mail,password and password confirmation and selects the Traditional Chinese language: " name="Should check every elements using the right language" time="7.672" />
 </testsuite>
 <testsuite name="Administrator Translation.When admin inputs incorrect e-mail,password and password confirmation and selects the Traditional Chinese language: " timestamp="2016-08-16T13:35:52" hostname="localhost" time="6.464" errors="0" tests="1" skipped="0" disabled="0" failures="0">
  <testcase classname="Administrator Translation.When admin inputs incorrect e-mail,password and password confirmation and selects the Traditional Chinese language: " name="Should check every elements using the right language" time="6.464" />
 </testsuite>
 <testsuite name="Administrator Translation.When admin inputs correct e-mail,password and password confirmation and selects the Traditional Chinese language: " timestamp="2016-08-16T13:35:59" hostname="localhost" time="10.556" errors="0" tests="1" skipped="0" disabled="0" failures="0">
  <testcase classname="Administrator Translation.When admin inputs correct e-mail,password and password confirmation and selects the Traditional Chinese language: " name="Should check every elements using the right language" time="10.556" />
 </testsuite>
 <testsuite name="Administrator Translation.When admin search account and password confirmation and selects the Traditional Chinese language: " timestamp="2016-08-16T13:36:09" hostname="localhost" time="5.176" errors="0" tests="1" skipped="0" disabled="0" failures="0">
  <testcase classname="Administrator Translation.When admin search account and password confirmation and selects the Traditional Chinese language: " name="Should check every elements using the right language" time="5.175" />
 </testsuite>
 <testsuite name="Administrator Translation.When admin reset password and password confirmation and selects the Traditional Chinese language: " timestamp="2016-08-16T13:36:14" hostname="localhost" time="7.362" errors="0" tests="1" skipped="0" disabled="0" failures="0">
  <testcase classname="Administrator Translation.When admin reset password and password confirmation and selects the Traditional Chinese language: " name="Should check every elements using the right language" time="7.362" />
 </testsuite>
 <testsuite name="Administrator Translation.When admin inputs null password and password confirmation and selects the Traditional Chinese language: " timestamp="2016-08-16T13:36:22" hostname="localhost" time="8.16" errors="0" tests="1" skipped="0" disabled="0" failures="0">
  <testcase classname="Administrator Translation.When admin inputs null password and password confirmation and selects the Traditional Chinese language: " name="Should check every elements using the right language" time="8.16" />
 </testsuite>
 <testsuite name="Administrator Translation.When admin input error password and password confirmation and selects the Traditional Chinese language: " timestamp="2016-08-16T13:36:30" hostname="localhost" time="8.059" errors="0" tests="1" skipped="0" disabled="0" failures="0">
  <testcase classname="Administrator Translation.When admin input error password and password confirmation and selects the Traditional Chinese language: " name="Should check every elements using the right language" time="8.059" />
 </testsuite>
 <testsuite name="Administrator Translation.When admin input correct password and password confirmation and selects the Traditional Chinese language: " timestamp="2016-08-16T13:36:38" hostname="localhost" time="13.827" errors="0" tests="1" skipped="0" disabled="0" failures="0">
  <testcase classname="Administrator Translation.When admin input correct password and password confirmation and selects the Traditional Chinese language: " name="Should check every elements using the right language" time="13.827" />
 </testsuite>
 <testsuite name="Administrator Translation.When admin click [DELETE ACCOUNT] button and selects the Traditional Chinese language: " timestamp="2016-08-16T13:36:52" hostname="localhost" time="7.454" errors="0" tests="1" skipped="0" disabled="0" failures="0">
  <testcase classname="Administrator Translation.When admin click [DELETE ACCOUNT] button and selects the Traditional Chinese language: " name="Should check every elements using the right language" time="7.454" />
 </testsuite>
 <testsuite name="Administrator Translation.When admin input null email and selects the Traditional Chinese language: " timestamp="2016-08-16T13:36:59" hostname="localhost" time="7.55" errors="0" tests="1" skipped="0" disabled="0" failures="0">
  <testcase classname="Administrator Translation.When admin input null email and selects the Traditional Chinese language: " name="Should check every elements using the right language" time="7.549" />
 </testsuite>
 <testsuite name="Administrator Translation.When admin input incorrect email and selects the Traditional Chinese language: " timestamp="2016-08-16T13:37:07" hostname="localhost" time="8.058" errors="0" tests="1" skipped="0" disabled="0" failures="0">
  <testcase classname="Administrator Translation.When admin input incorrect email and selects the Traditional Chinese language: " name="Should check every elements using the right language" time="8.058" />
 </testsuite>
 <testsuite name="Administrator Translation.When admin input correct email and selects the Traditional Chinese language: " timestamp="2016-08-16T13:37:15" hostname="localhost" time="8.791" errors="0" tests="1" skipped="0" disabled="0" failures="0">
  <testcase classname="Administrator Translation.When admin input correct email and selects the Traditional Chinese language: " name="Should check every elements using the right language" time="8.791" />
 </testsuite>
 <testsuite name="Administrator Translation.When user into the manage page and selects the Simplified Chinese language: " timestamp="2016-08-16T13:37:24" hostname="localhost" time="4.159" errors="0" tests="1" skipped="0" disabled="0" failures="0">
  <testcase classname="Administrator Translation.When user into the manage page and selects the Simplified Chinese language: " name="Should check every elements using the right language" time="4.159" />
 </testsuite>
 <testsuite name="Administrator Translation.When user into the manage page and selects the Simplified Chinese language: " timestamp="2016-08-16T13:37:28" hostname="localhost" time="5.193" errors="0" tests="1" skipped="0" disabled="0" failures="0">
  <testcase classname="Administrator Translation.When user into the manage page and selects the Simplified Chinese language: " name="Should check every elements using the right language" time="5.193" />
 </testsuite>
 <testsuite name="Administrator Translation.When admin into the create account page and selects the Simplified Chinese language: " timestamp="2016-08-16T13:37:33" hostname="localhost" time="6.129" errors="0" tests="1" skipped="0" disabled="0" failures="0">
  <testcase classname="Administrator Translation.When admin into the create account page and selects the Simplified Chinese language: " name="Should check every elements using the right language" time="6.129" />
 </testsuite>
 <testsuite name="Administrator Translation.When admin inputs null e-mail,password and password confirmation and selects the Simplified Chinese language: " timestamp="2016-08-16T13:37:39" hostname="localhost" time="7.299" errors="0" tests="1" skipped="0" disabled="0" failures="0">
  <testcase classname="Administrator Translation.When admin inputs null e-mail,password and password confirmation and selects the Simplified Chinese language: " name="Should check every elements using the right language" time="7.299" />
 </testsuite>
 <testsuite name="Administrator Translation.When admin inputs incorrect e-mail,password and password confirmation and selects the Simplified Chinese language: " timestamp="2016-08-16T13:37:46" hostname="localhost" time="7.735" errors="0" tests="1" skipped="0" disabled="0" failures="0">
  <testcase classname="Administrator Translation.When admin inputs incorrect e-mail,password and password confirmation and selects the Simplified Chinese language: " name="Should check every elements using the right language" time="7.735" />
 </testsuite>
 <testsuite name="Administrator Translation.When admin inputs incorrect e-mail,password and password confirmation and selects the Simplified Chinese language: " timestamp="2016-08-16T13:37:54" hostname="localhost" time="6.461" errors="0" tests="1" skipped="0" disabled="0" failures="0">
  <testcase classname="Administrator Translation.When admin inputs incorrect e-mail,password and password confirmation and selects the Simplified Chinese language: " name="Should check every elements using the right language" time="6.461" />
 </testsuite>
 <testsuite name="Administrator Translation.When admin inputs correct e-mail,password and password confirmation and selects the Simplified Chinese language: " timestamp="2016-08-16T13:38:01" hostname="localhost" time="10.781" errors="0" tests="1" skipped="0" disabled="0" failures="0">
  <testcase classname="Administrator Translation.When admin inputs correct e-mail,password and password confirmation and selects the Simplified Chinese language: " name="Should check every elements using the right language" time="10.781" />
 </testsuite>
 <testsuite name="Administrator Translation.When admin search account and password confirmation and selects the Simplified Chinese language: " timestamp="2016-08-16T13:38:11" hostname="localhost" time="4.87" errors="0" tests="1" skipped="0" disabled="0" failures="0">
  <testcase classname="Administrator Translation.When admin search account and password confirmation and selects the Simplified Chinese language: " name="Should check every elements using the right language" time="4.869" />
 </testsuite>
 <testsuite name="Administrator Translation.When admin reset password and password confirmation and selects the Simplified Chinese language: " timestamp="2016-08-16T13:38:16" hostname="localhost" time="7.413" errors="0" tests="1" skipped="0" disabled="0" failures="0">
  <testcase classname="Administrator Translation.When admin reset password and password confirmation and selects the Simplified Chinese language: " name="Should check every elements using the right language" time="7.413" />
 </testsuite>
 <testsuite name="Administrator Translation.When admin inputs null password and password confirmation and selects the Simplified Chinese language: " timestamp="2016-08-16T13:38:24" hostname="localhost" time="8.047" errors="0" tests="1" skipped="0" disabled="0" failures="0">
  <testcase classname="Administrator Translation.When admin inputs null password and password confirmation and selects the Simplified Chinese language: " name="Should check every elements using the right language" time="8.046" />
 </testsuite>
 <testsuite name="Administrator Translation.When admin input error password and password confirmation and selects the Simplified Chinese language: " timestamp="2016-08-16T13:38:32" hostname="localhost" time="8.429" errors="0" tests="1" skipped="0" disabled="0" failures="0">
  <testcase classname="Administrator Translation.When admin input error password and password confirmation and selects the Simplified Chinese language: " name="Should check every elements using the right language" time="8.429" />
 </testsuite>
 <testsuite name="Administrator Translation.When admin input correct password and password confirmation and selects the Simplified Chinese language: " timestamp="2016-08-16T13:38:40" hostname="localhost" time="8.558" errors="0" tests="1" skipped="0" disabled="0" failures="0">
  <testcase classname="Administrator Translation.When admin input correct password and password confirmation and selects the Simplified Chinese language: " name="Should check every elements using the right language" time="8.557" />
 </testsuite>
 <testsuite name="Administrator Translation.When admin click [DELETE ACCOUNT] button and selects the Simplified Chinese language: " timestamp="2016-08-16T13:38:49" hostname="localhost" time="7.299" errors="0" tests="1" skipped="0" disabled="0" failures="0">
  <testcase classname="Administrator Translation.When admin click [DELETE ACCOUNT] button and selects the Simplified Chinese language: " name="Should check every elements using the right language" time="7.299" />
 </testsuite>
 <testsuite name="Administrator Translation.When admin input null email and selects the Simplified Chinese language: " timestamp="2016-08-16T13:38:56" hostname="localhost" time="7.582" errors="0" tests="1" skipped="0" disabled="0" failures="0">
  <testcase classname="Administrator Translation.When admin input null email and selects the Simplified Chinese language: " name="Should check every elements using the right language" time="7.582" />
 </testsuite>
 <testsuite name="Administrator Translation.When admin input incorrect email and selects the Simplified Chinese language: " timestamp="2016-08-16T13:39:04" hostname="localhost" time="7.953" errors="0" tests="1" skipped="0" disabled="0" failures="0">
  <testcase classname="Administrator Translation.When admin input incorrect email and selects the Simplified Chinese language: " name="Should check every elements using the right language" time="7.952" />
 </testsuite>
 <testsuite name="Administrator Translation.When admin input correct email and selects the Simplified Chinese language: " timestamp="2016-08-16T13:39:11" hostname="localhost" time="8.928" errors="0" tests="1" skipped="0" disabled="0" failures="0">
  <testcase classname="Administrator Translation.When admin input correct email and selects the Simplified Chinese language: " name="Should check every elements using the right language" time="8.928" />
 </testsuite>
 <testsuite name="Administrator Translation.When user into the manage page and selects the English language: " timestamp="2016-08-16T13:39:20" hostname="localhost" time="4.073" errors="0" tests="1" skipped="0" disabled="0" failures="0">
  <testcase classname="Administrator Translation.When user into the manage page and selects the English language: " name="Should check every elements using the right language" time="4.073" />
 </testsuite>
 <testsuite name="Administrator Translation.When user into the manage page and selects the English language: " timestamp="2016-08-16T13:39:24" hostname="localhost" time="5.495" errors="0" tests="1" skipped="0" disabled="0" failures="0">
  <testcase classname="Administrator Translation.When user into the manage page and selects the English language: " name="Should check every elements using the right language" time="5.495" />
 </testsuite>
 <testsuite name="Administrator Translation.When admin into the create account page and selects the English language: " timestamp="2016-08-16T13:39:30" hostname="localhost" time="6.178" errors="0" tests="1" skipped="0" disabled="0" failures="0">
  <testcase classname="Administrator Translation.When admin into the create account page and selects the English language: " name="Should check every elements using the right language" time="6.178" />
 </testsuite>
 <testsuite name="Administrator Translation.When admin inputs null e-mail,password and password confirmation and selects the English language: " timestamp="2016-08-16T13:39:36" hostname="localhost" time="7.149" errors="0" tests="1" skipped="0" disabled="0" failures="0">
  <testcase classname="Administrator Translation.When admin inputs null e-mail,password and password confirmation and selects the English language: " name="Should check every elements using the right language" time="7.149" />
 </testsuite>
 <testsuite name="Administrator Translation.When admin inputs incorrect e-mail,password and password confirmation and selects the English language: " timestamp="2016-08-16T13:39:43" hostname="localhost" time="8.184" errors="0" tests="1" skipped="0" disabled="0" failures="0">
  <testcase classname="Administrator Translation.When admin inputs incorrect e-mail,password and password confirmation and selects the English language: " name="Should check every elements using the right language" time="8.184" />
 </testsuite>
 <testsuite name="Administrator Translation.When admin inputs incorrect e-mail,password and password confirmation and selects the English language: " timestamp="2016-08-16T13:39:51" hostname="localhost" time="6.7" errors="0" tests="1" skipped="0" disabled="0" failures="0">
  <testcase classname="Administrator Translation.When admin inputs incorrect e-mail,password and password confirmation and selects the English language: " name="Should check every elements using the right language" time="6.7" />
 </testsuite>
 <testsuite name="Administrator Translation.When admin inputs correct e-mail,password and password confirmation and selects the English language: " timestamp="2016-08-16T13:39:58" hostname="localhost" time="10.327" errors="0" tests="1" skipped="0" disabled="0" failures="0">
  <testcase classname="Administrator Translation.When admin inputs correct e-mail,password and password confirmation and selects the English language: " name="Should check every elements using the right language" time="10.327" />
 </testsuite>
 <testsuite name="Administrator Translation.When admin search account and password confirmation and selects the English language: " timestamp="2016-08-16T13:40:09" hostname="localhost" time="4.913" errors="0" tests="1" skipped="0" disabled="0" failures="0">
  <testcase classname="Administrator Translation.When admin search account and password confirmation and selects the English language: " name="Should check every elements using the right language" time="4.912" />
 </testsuite>
 <testsuite name="Administrator Translation.When admin reset password and password confirmation and selects the English language: " timestamp="2016-08-16T13:40:13" hostname="localhost" time="7.333" errors="0" tests="1" skipped="0" disabled="0" failures="0">
  <testcase classname="Administrator Translation.When admin reset password and password confirmation and selects the English language: " name="Should check every elements using the right language" time="7.333" />
 </testsuite>
 <testsuite name="Administrator Translation.When admin inputs null password and password confirmation and selects the English language: " timestamp="2016-08-16T13:40:21" hostname="localhost" time="7.994" errors="0" tests="1" skipped="0" disabled="0" failures="0">
  <testcase classname="Administrator Translation.When admin inputs null password and password confirmation and selects the English language: " name="Should check every elements using the right language" time="7.993" />
 </testsuite>
 <testsuite name="Administrator Translation.When admin input error password and password confirmation and selects the English language: " timestamp="2016-08-16T13:40:29" hostname="localhost" time="8.246" errors="0" tests="1" skipped="0" disabled="0" failures="0">
  <testcase classname="Administrator Translation.When admin input error password and password confirmation and selects the English language: " name="Should check every elements using the right language" time="8.245" />
 </testsuite>
 <testsuite name="Administrator Translation.When admin input correct password and password confirmation and selects the English language: " timestamp="2016-08-16T13:40:37" hostname="localhost" time="8.491" errors="0" tests="1" skipped="0" disabled="0" failures="0">
  <testcase classname="Administrator Translation.When admin input correct password and password confirmation and selects the English language: " name="Should check every elements using the right language" time="8.491" />
 </testsuite>
 <testsuite name="Administrator Translation.When admin click [DELETE ACCOUNT] button and selects the English language: " timestamp="2016-08-16T13:40:45" hostname="localhost" time="7.393" errors="0" tests="1" skipped="0" disabled="0" failures="0">
  <testcase classname="Administrator Translation.When admin click [DELETE ACCOUNT] button and selects the English language: " name="Should check every elements using the right language" time="7.393" />
 </testsuite>
 <testsuite name="Administrator Translation.When admin input null email and selects the English language: " timestamp="2016-08-16T13:40:53" hostname="localhost" time="7.772" errors="0" tests="1" skipped="0" disabled="0" failures="0">
  <testcase classname="Administrator Translation.When admin input null email and selects the English language: " name="Should check every elements using the right language" time="7.772" />
 </testsuite>
 <testsuite name="Administrator Translation.When admin input incorrect email and selects the English language: " timestamp="2016-08-16T13:41:01" hostname="localhost" time="7.773" errors="0" tests="1" skipped="0" disabled="0" failures="0">
  <testcase classname="Administrator Translation.When admin input incorrect email and selects the English language: " name="Should check every elements using the right language" time="7.773" />
 </testsuite>
 <testsuite name="Administrator Translation.When admin input correct email and selects the English language: " timestamp="2016-08-16T13:41:08" hostname="localhost" time="9.078" errors="0" tests="1" skipped="0" disabled="0" failures="0">
  <testcase classname="Administrator Translation.When admin input correct email and selects the English language: " name="Should check every elements using the right language" time="9.078" />
 </testsuite>
 <testsuite name="Administrator Translation.When admin click the [Sign Out] : " timestamp="2016-08-16T13:41:18" hostname="localhost" time="3.377" errors="0" tests="1" skipped="0" disabled="0" failures="0">
  <testcase classname="Administrator Translation.When admin click the [Sign Out] : " name="Clear" time="3.377" />
 </testsuite>
 <testsuite name="Sign up : " timestamp="2016-08-16T13:41:21" hostname="localhost" time="28.595" errors="0" tests="0" skipped="0" disabled="0" failures="0">
 </testsuite>
 <testsuite name="Sign up : .When user clicks the [Create an account] button : " timestamp="2016-08-16T13:41:21" hostname="localhost" time="1.617" errors="0" tests="1" skipped="0" disabled="0" failures="0">
  <testcase classname="Sign up : .When user clicks the [Create an account] button : " name="Should check whether to enter the sign up page" time="1.616" />
 </testsuite>
 <testsuite name="Sign up : .When user has not input e-mail, password, and password confirmation : " timestamp="2016-08-16T13:41:22" hostname="localhost" time="1.725" errors="0" tests="1" skipped="0" disabled="0" failures="0">
  <testcase classname="Sign up : .When user has not input e-mail, password, and password confirmation : " name="Should check the [SIGN UP] button is disabled" time="1.725" />
 </testsuite>
 <testsuite name="Sign up : .When user inputs null in the account and password : " timestamp="2016-08-16T13:41:24" hostname="localhost" time="3.235" errors="0" tests="1" skipped="0" disabled="0" failures="0">
  <testcase classname="Sign up : .When user inputs null in the account and password : " name="Should check [SIGN UP] button is disabled and the message displayed" time="3.234" />
 </testsuite>
 <testsuite name="Sign up : .When user inputs the correct format for e-mail : " timestamp="2016-08-16T13:41:27" hostname="localhost" time="2.512" errors="0" tests="1" skipped="0" disabled="0" failures="0">
  <testcase classname="Sign up : .When user inputs the correct format for e-mail : " name="Should check the [SIGN UP] button is disabled" time="2.512" />
 </testsuite>
 <testsuite name="Sign up : .When user inputs the incorrect format for e-mail" timestamp="2016-08-16T13:41:30" hostname="localhost" time="2.722" errors="0" tests="1" skipped="0" disabled="0" failures="0">
  <testcase classname="Sign up : .When user inputs the incorrect format for e-mail" name="Should check the [SIGN UP] button is disabled and the message displayed" time="2.721" />
 </testsuite>
 <testsuite name="Sign up : .When user inputs the correct format for password : " timestamp="2016-08-16T13:41:33" hostname="localhost" time="2.107" errors="0" tests="1" skipped="0" disabled="0" failures="0">
  <testcase classname="Sign up : .When user inputs the correct format for password : " name="Should check [SIGN UP] button is disabled" time="2.107" />
 </testsuite>
 <testsuite name="Sign up : .When user inputs the incorrect format for password : " timestamp="2016-08-16T13:41:35" hostname="localhost" time="2.309" errors="0" tests="1" skipped="0" disabled="0" failures="0">
  <testcase classname="Sign up : .When user inputs the incorrect format for password : " name="Should check the [SIGN UP] button is disabled and the message displayed" time="2.309" />
 </testsuite>
 <testsuite name="Sign up : .When user inputs the password and confirmation is inconsistent :" timestamp="2016-08-16T13:41:37" hostname="localhost" time="2.769" errors="0" tests="1" skipped="0" disabled="0" failures="0">
  <testcase classname="Sign up : .When user inputs the password and confirmation is inconsistent :" name="Should check the [SIGN UP] button is disabled and the message displayed" time="2.768" />
 </testsuite>
 <testsuite name="Sign up : .When user inputs the e-mail, password and confirmation : " timestamp="2016-08-16T13:41:40" hostname="localhost" time="2.85" errors="0" tests="1" skipped="0" disabled="0" failures="0">
  <testcase classname="Sign up : .When user inputs the e-mail, password and confirmation : " name="Should check [SIGN UP] button is enabled." time="2.85" />
 </testsuite>
 <testsuite name="Sign up : .When user inputs the e-mail, password and confirmation and clicks the [SIGN UP] : " timestamp="2016-08-16T13:41:43" hostname="localhost" time="3.993" errors="0" tests="1" skipped="0" disabled="0" failures="1">
  <testcase classname="Sign up : .When user inputs the e-mail, password and confirmation and clicks the [SIGN UP] : " name="Should check this website is go to signin page and show sign up success message" time="3.993">
   <failure type="exception" message="Failed: No element found using locator: By(css selector, [class=&quot;ng-binding flex&quot;])"><![CDATA[NoSuchElementError: No element found using locator: By(css selector, [class="ng-binding flex"])
    at WebDriverError (/home/user/.nvm/versions/node/v4.2.4/lib/node_modules/protractor/node_modules/selenium-webdriver/error.js:27:10)
    at NoSuchElementError (/home/user/.nvm/versions/node/v4.2.4/lib/node_modules/protractor/node_modules/selenium-webdriver/error.js:230:10)
    at /home/user/.nvm/versions/node/v4.2.4/lib/node_modules/protractor/built/element.js:662:27
    at Promise.invokeCallback_ (/home/user/.nvm/versions/node/v4.2.4/lib/node_modules/protractor/node_modules/selenium-webdriver/lib/promise.js:1329:14)
    at TaskQueue.execute_ (/home/user/.nvm/versions/node/v4.2.4/lib/node_modules/protractor/node_modules/selenium-webdriver/lib/promise.js:2790:14)
    at TaskQueue.executeNext_ (/home/user/.nvm/versions/node/v4.2.4/lib/node_modules/protractor/node_modules/selenium-webdriver/lib/promise.js:2773:21)
    at /home/user/.nvm/versions/node/v4.2.4/lib/node_modules/protractor/node_modules/selenium-webdriver/lib/promise.js:2652:27
    at /home/user/.nvm/versions/node/v4.2.4/lib/node_modules/protractor/node_modules/selenium-webdriver/lib/promise.js:639:7
    at process._tickCallback (node.js:368:9)
Error
    at ElementArrayFinder.applyAction_ (/home/user/.nvm/versions/node/v4.2.4/lib/node_modules/protractor/built/element.js:371:27)
    at ElementArrayFinder._this.(anonymous function) [as isDisplayed] (/home/user/.nvm/versions/node/v4.2.4/lib/node_modules/protractor/built/element.js:83:30)
    at ElementFinder._this.(anonymous function) [as isDisplayed] (/home/user/.nvm/versions/node/v4.2.4/lib/node_modules/protractor/built/element.js:685:22)
    at Object.<anonymous> (/home/user/inwinStack-S3/github/s3-portal-ui/e2e/auth/signup.js:142:30)
    at /home/user/.nvm/versions/node/v4.2.4/lib/node_modules/protractor/node_modules/jasminewd2/index.js:96:23
    at new Promise (/home/user/.nvm/versions/node/v4.2.4/lib/node_modules/protractor/node_modules/selenium-webdriver/lib/promise.js:1043:7)
    at controlFlowExecute (/home/user/.nvm/versions/node/v4.2.4/lib/node_modules/protractor/node_modules/jasminewd2/index.js:82:18)
    at TaskQueue.execute_ (/home/user/.nvm/versions/node/v4.2.4/lib/node_modules/protractor/node_modules/selenium-webdriver/lib/promise.js:2790:14)
    at TaskQueue.executeNext_ (/home/user/.nvm/versions/node/v4.2.4/lib/node_modules/protractor/node_modules/selenium-webdriver/lib/promise.js:2773:21)
    at /home/user/.nvm/versions/node/v4.2.4/lib/node_modules/protractor/node_modules/selenium-webdriver/lib/promise.js:2697:25
From: Task: Run it("Should check this website is go to signin page and show sign up success message") in control flow
    at Object.<anonymous> (/home/user/.nvm/versions/node/v4.2.4/lib/node_modules/protractor/node_modules/jasminewd2/index.js:81:14)
    at attemptAsync (/home/user/.nvm/versions/node/v4.2.4/lib/node_modules/protractor/node_modules/jasmine/node_modules/jasmine-core/lib/jasmine-core/jasmine.js:1916:24)
    at QueueRunner.run (/home/user/.nvm/versions/node/v4.2.4/lib/node_modules/protractor/node_modules/jasmine/node_modules/jasmine-core/lib/jasmine-core/jasmine.js:1871:9)
    at /home/user/.nvm/versions/node/v4.2.4/lib/node_modules/protractor/node_modules/jasmine/node_modules/jasmine-core/lib/jasmine-core/jasmine.js:1898:16
    at /home/user/.nvm/versions/node/v4.2.4/lib/node_modules/protractor/node_modules/jasmine/node_modules/jasmine-core/lib/jasmine-core/jasmine.js:1842:9
    at /home/user/.nvm/versions/node/v4.2.4/lib/node_modules/protractor/node_modules/jasminewd2/index.js:18:5
    at Promise.invokeCallback_ (/home/user/.nvm/versions/node/v4.2.4/lib/node_modules/protractor/node_modules/selenium-webdriver/lib/promise.js:1329:14)
    at TaskQueue.execute_ (/home/user/.nvm/versions/node/v4.2.4/lib/node_modules/protractor/node_modules/selenium-webdriver/lib/promise.js:2790:14)
    at TaskQueue.executeNext_ (/home/user/.nvm/versions/node/v4.2.4/lib/node_modules/protractor/node_modules/selenium-webdriver/lib/promise.js:2773:21)
    at /home/user/.nvm/versions/node/v4.2.4/lib/node_modules/protractor/node_modules/selenium-webdriver/lib/promise.js:2652:27
From asynchronous test: 
Error
    at Suite.<anonymous> (/home/user/inwinStack-S3/github/s3-portal-ui/e2e/auth/signup.js:139:5)
    at addSpecsToSuite (/home/user/.nvm/versions/node/v4.2.4/lib/node_modules/protractor/node_modules/jasmine/node_modules/jasmine-core/lib/jasmine-core/jasmine.js:833:25)
    at Env.describe (/home/user/.nvm/versions/node/v4.2.4/lib/node_modules/protractor/node_modules/jasmine/node_modules/jasmine-core/lib/jasmine-core/jasmine.js:802:7)
    at jasmineInterface.describe (/home/user/.nvm/versions/node/v4.2.4/lib/node_modules/protractor/node_modules/jasmine/node_modules/jasmine-core/lib/jasmine-core/jasmine.js:3375:18)
    at Suite.<anonymous> (/home/user/inwinStack-S3/github/s3-portal-ui/e2e/auth/signup.js:131:3)
    at addSpecsToSuite (/home/user/.nvm/versions/node/v4.2.4/lib/node_modules/protractor/node_modules/jasmine/node_modules/jasmine-core/lib/jasmine-core/jasmine.js:833:25)
    at Env.describe (/home/user/.nvm/versions/node/v4.2.4/lib/node_modules/protractor/node_modules/jasmine/node_modules/jasmine-core/lib/jasmine-core/jasmine.js:802:7)
    at jasmineInterface.describe (/home/user/.nvm/versions/node/v4.2.4/lib/node_modules/protractor/node_modules/jasmine/node_modules/jasmine-core/lib/jasmine-core/jasmine.js:3375:18)
    at Object.<anonymous> (/home/user/inwinStack-S3/github/s3-portal-ui/e2e/auth/signup.js:8:1)]]>
   </failure>
  </testcase>
 </testsuite>
 <testsuite name="Sign up : .When user inputs an already existing e-mail :" timestamp="2016-08-16T13:41:47" hostname="localhost" time="2.756" errors="0" tests="1" skipped="0" disabled="0" failures="0">
  <testcase classname="Sign up : .When user inputs an already existing e-mail :" name="Should check the [SIGN UP] button is disabled and the message displayed" time="2.756" />
 </testsuite>
 <testsuite name="Sign In" timestamp="2016-08-16T13:41:49" hostname="localhost" time="24.16" errors="0" tests="0" skipped="0" disabled="0" failures="0">
 </testsuite>
 <testsuite name="Sign In.When user into the website : " timestamp="2016-08-16T13:41:49" hostname="localhost" time="1.322" errors="0" tests="1" skipped="0" disabled="0" failures="0">
  <testcase classname="Sign In.When user into the website : " name="Should check into the sign in page" time="1.322" />
 </testsuite>
 <testsuite name="Sign In.When user email and password has not been entered : " timestamp="2016-08-16T13:41:51" hostname="localhost" time="1.73" errors="0" tests="1" skipped="0" disabled="0" failures="0">
  <testcase classname="Sign In.When user email and password has not been entered : " name="Should check the [SIGN IN] is disabled." time="1.73" />
 </testsuite>
 <testsuite name="Sign In.When user inputs null in the account and password : " timestamp="2016-08-16T13:41:53" hostname="localhost" time="2.479" errors="0" tests="1" skipped="0" disabled="0" failures="0">
  <testcase classname="Sign In.When user inputs null in the account and password : " name="Should check the [SIGN IN] is disabled and the message is displayed" time="2.479" />
 </testsuite>
 <testsuite name="Sign In.When user only inputs the email : " timestamp="2016-08-16T13:41:55" hostname="localhost" time="2.002" errors="0" tests="1" skipped="0" disabled="0" failures="0">
  <testcase classname="Sign In.When user only inputs the email : " name="Should check the [SIGN IN] button is disabled." time="2.002" />
 </testsuite>
 <testsuite name="Sign In.When user only inputs the password : " timestamp="2016-08-16T13:41:57" hostname="localhost" time="2.08" errors="0" tests="1" skipped="0" disabled="0" failures="0">
  <testcase classname="Sign In.When user only inputs the password : " name="Should check the [SIGN IN] button is disabled." time="2.08" />
 </testsuite>
 <testsuite name="Sign In.When the user inputs the correct email and password, but the email does not exist : " timestamp="2016-08-16T13:41:59" hostname="localhost" time="2.068" errors="0" tests="1" skipped="0" disabled="0" failures="0">
  <testcase classname="Sign In.When the user inputs the correct email and password, but the email does not exist : " name="Should check the [SIGN IN] is enabled" time="2.068" />
 </testsuite>
 <testsuite name="Sign In.When the user inputs the correct email and password, but the email does not exist and clicks the [SIGN IN]: " timestamp="2016-08-16T13:42:01" hostname="localhost" time="2.567" errors="0" tests="1" skipped="0" disabled="0" failures="0">
  <testcase classname="Sign In.When the user inputs the correct email and password, but the email does not exist and clicks the [SIGN IN]: " name="Should check the status message is displayed" time="2.566" />
 </testsuite>
 <testsuite name="Sign In.When user inputs exist email but input not match password : " timestamp="2016-08-16T13:42:04" hostname="localhost" time="1.991" errors="0" tests="1" skipped="0" disabled="0" failures="0">
  <testcase classname="Sign In.When user inputs exist email but input not match password : " name="Should check the [SIGN IN] is enabled" time="1.991" />
 </testsuite>
 <testsuite name="Sign In.When user inputs exist email but input not match password and clicks  : " timestamp="2016-08-16T13:42:06" hostname="localhost" time="2.932" errors="0" tests="1" skipped="0" disabled="0" failures="0">
  <testcase classname="Sign In.When user inputs exist email but input not match password and clicks  : " name="Should check the status message is displayed" time="2.932" />
 </testsuite>
 <testsuite name="Sign In.When user inputs the correct email and password : " timestamp="2016-08-16T13:42:09" hostname="localhost" time="1.893" errors="0" tests="1" skipped="0" disabled="0" failures="0">
  <testcase classname="Sign In.When user inputs the correct email and password : " name="Should check [SIGN IN] will enabled" time="1.893" />
 </testsuite>
 <testsuite name="Sign In.When user input the correct email and password and click the [SIGN IN] : " timestamp="2016-08-16T13:42:11" hostname="localhost" time="3.096" errors="0" tests="1" skipped="0" disabled="0" failures="0">
  <testcase classname="Sign In.When user input the correct email and password and click the [SIGN IN] : " name="Should check this website is go to bucket management page and show sign in success message" time="3.096" />
 </testsuite>
 <testsuite name="Sign Out" timestamp="2016-08-16T13:42:14" hostname="localhost" time="5.797" errors="0" tests="0" skipped="0" disabled="0" failures="0">
 </testsuite>
 <testsuite name="Sign Out.When user click the [Sign Out] : " timestamp="2016-08-16T13:42:14" hostname="localhost" time="5.797" errors="0" tests="1" skipped="0" disabled="0" failures="0">
  <testcase classname="Sign Out.When user click the [Sign Out] : " name="Should check back the sign in page and show sign out success message" time="5.797" />
 </testsuite>
 <testsuite name="Back to Log in page" timestamp="2016-08-16T13:42:19" hostname="localhost" time="1.734" errors="0" tests="0" skipped="0" disabled="0" failures="0">
 </testsuite>
 <testsuite name="Back to Log in page.When user enters this website and click [Log in] : " timestamp="2016-08-16T13:42:19" hostname="localhost" time="1.734" errors="0" tests="1" skipped="0" disabled="0" failures="0">
  <testcase classname="Back to Log in page.When user enters this website and click [Log in] : " name="Should check this website is go to signin page" time="1.734" />
 </testsuite>
 <testsuite name="Auth Translation" timestamp="2016-08-16T13:42:21" hostname="localhost" time="118.225" errors="0" tests="0" skipped="0" disabled="0" failures="0">
 </testsuite>
 <testsuite name="Auth Translation.When user enters the login page and selects the Traditional Chinese language: " timestamp="2016-08-16T13:42:21" hostname="localhost" time="1.999" errors="0" tests="1" skipped="0" disabled="0" failures="0">
  <testcase classname="Auth Translation.When user enters the login page and selects the Traditional Chinese language: " name="Should check every elements using the right language" time="1.999" />
 </testsuite>
 <testsuite name="Auth Translation.When user enters the sign up page and selects the Traditional Chinese language: " timestamp="2016-08-16T13:42:23" hostname="localhost" time="2.243" errors="0" tests="1" skipped="0" disabled="0" failures="0">
  <testcase classname="Auth Translation.When user enters the sign up page and selects the Traditional Chinese language: " name="Should check every elements using the right language" time="2.243" />
 </testsuite>
 <testsuite name="Auth Translation.When user inputs null in the account and password and selects the Traditional Chinese language : " timestamp="2016-08-16T13:42:25" hostname="localhost" time="3.167" errors="0" tests="1" skipped="0" disabled="0" failures="0">
  <testcase classname="Auth Translation.When user inputs null in the account and password and selects the Traditional Chinese language : " name="Should check every elements using the right language" time="3.166" />
 </testsuite>
 <testsuite name="Auth Translation.When user inputs the incorrect format for e-mail and selects the Traditional Chinese language : " timestamp="2016-08-16T13:42:29" hostname="localhost" time="2.712" errors="0" tests="1" skipped="0" disabled="0" failures="0">
  <testcase classname="Auth Translation.When user inputs the incorrect format for e-mail and selects the Traditional Chinese language : " name="Should check every elements using the right language" time="2.712" />
 </testsuite>
 <testsuite name="Auth Translation.When user inputs the incorrect format for password and selects the Traditional Chinese language : " timestamp="2016-08-16T13:42:31" hostname="localhost" time="2.359" errors="0" tests="1" skipped="0" disabled="0" failures="0">
  <testcase classname="Auth Translation.When user inputs the incorrect format for password and selects the Traditional Chinese language : " name="Should check every elements using the right language" time="2.358" />
 </testsuite>
 <testsuite name="Auth Translation.When user inputs the password and confirmation is inconsistent and selects the Traditional Chinese language :" timestamp="2016-08-16T13:42:34" hostname="localhost" time="2.538" errors="0" tests="1" skipped="0" disabled="0" failures="0">
  <testcase classname="Auth Translation.When user inputs the password and confirmation is inconsistent and selects the Traditional Chinese language :" name="Should check every elements using the right language" time="2.538" />
 </testsuite>
 <testsuite name="Auth Translation.When user inputs the e-mail, password and confirmation and clicks the [SIGN UP] and selects the Traditional Chinese language : " timestamp="2016-08-16T13:42:36" hostname="localhost" time="4.087" errors="0" tests="1" skipped="0" disabled="0" failures="0">
  <testcase classname="Auth Translation.When user inputs the e-mail, password and confirmation and clicks the [SIGN UP] and selects the Traditional Chinese language : " name="Should check every elements using the right language : " time="4.087" />
 </testsuite>
 <testsuite name="Auth Translation.When user inputs an already existing e-mail and selects the Traditional Chinese language :" timestamp="2016-08-16T13:42:40" hostname="localhost" time="2.665" errors="0" tests="1" skipped="0" disabled="0" failures="0">
  <testcase classname="Auth Translation.When user inputs an already existing e-mail and selects the Traditional Chinese language :" name="Should check every elements using the right language" time="2.665" />
 </testsuite>
 <testsuite name="Auth Translation.When user inputs null in the account and password and selects the Traditional Chinese language : " timestamp="2016-08-16T13:42:43" hostname="localhost" time="2.671" errors="0" tests="1" skipped="0" disabled="0" failures="0">
  <testcase classname="Auth Translation.When user inputs null in the account and password and selects the Traditional Chinese language : " name="Should check every elements using the right language" time="2.67" />
 </testsuite>
 <testsuite name="Auth Translation.When the user inputs the correct email and password, but the email does not exist and clicks the [SIGN IN] and selects the Traditional Chinese language : " timestamp="2016-08-16T13:42:46" hostname="localhost" time="2.886" errors="0" tests="1" skipped="0" disabled="0" failures="0">
  <testcase classname="Auth Translation.When the user inputs the correct email and password, but the email does not exist and clicks the [SIGN IN] and selects the Traditional Chinese language : " name="Should check every elements using the right language" time="2.886" />
 </testsuite>
 <testsuite name="Auth Translation.When user inputs exist email but input not match password and clicks the [SIGN IN] and selects the Traditional Chinese language : " timestamp="2016-08-16T13:42:48" hostname="localhost" time="2.988" errors="0" tests="1" skipped="0" disabled="0" failures="0">
  <testcase classname="Auth Translation.When user inputs exist email but input not match password and clicks the [SIGN IN] and selects the Traditional Chinese language : " name="Should check every elements using the right language" time="2.988" />
 </testsuite>
 <testsuite name="Auth Translation.When user input the correct email and password and clicks the [SIGN IN] and selects the Traditional Chinese language : " timestamp="2016-08-16T13:42:51" hostname="localhost" time="3.262" errors="0" tests="1" skipped="0" disabled="0" failures="0">
  <testcase classname="Auth Translation.When user input the correct email and password and clicks the [SIGN IN] and selects the Traditional Chinese language : " name="Should check every elements using the right language" time="3.261" />
 </testsuite>
 <testsuite name="Auth Translation.When user clicks the [Sign Out] and selects the Traditional Chinese language : " timestamp="2016-08-16T13:42:55" hostname="localhost" time="4.634" errors="0" tests="1" skipped="0" disabled="0" failures="0">
  <testcase classname="Auth Translation.When user clicks the [Sign Out] and selects the Traditional Chinese language : " name="Should check every elements using the right language" time="4.634" />
 </testsuite>
 <testsuite name="Auth Translation.When user enters the login page and selects the Simplified Chinese language: " timestamp="2016-08-16T13:42:59" hostname="localhost" time="1.916" errors="0" tests="1" skipped="0" disabled="0" failures="0">
  <testcase classname="Auth Translation.When user enters the login page and selects the Simplified Chinese language: " name="Should check every elements using the right language" time="1.915" />
 </testsuite>
 <testsuite name="Auth Translation.When user enters the sign up page and selects the Simplified Chinese language: " timestamp="2016-08-16T13:43:01" hostname="localhost" time="2.311" errors="0" tests="1" skipped="0" disabled="0" failures="0">
  <testcase classname="Auth Translation.When user enters the sign up page and selects the Simplified Chinese language: " name="Should check every elements using the right language" time="2.311" />
 </testsuite>
 <testsuite name="Auth Translation.When user inputs null in the account and password and selects the Simplified Chinese language : " timestamp="2016-08-16T13:43:04" hostname="localhost" time="3.543" errors="0" tests="1" skipped="0" disabled="0" failures="0">
  <testcase classname="Auth Translation.When user inputs null in the account and password and selects the Simplified Chinese language : " name="Should check every elements using the right language" time="3.543" />
 </testsuite>
 <testsuite name="Auth Translation.When user inputs the incorrect format for e-mail and selects the Simplified Chinese language : " timestamp="2016-08-16T13:43:07" hostname="localhost" time="2.989" errors="0" tests="1" skipped="0" disabled="0" failures="0">
  <testcase classname="Auth Translation.When user inputs the incorrect format for e-mail and selects the Simplified Chinese language : " name="Should check every elements using the right language" time="2.987" />
 </testsuite>
 <testsuite name="Auth Translation.When user inputs the incorrect format for password and selects the Simplified Chinese language : " timestamp="2016-08-16T13:43:10" hostname="localhost" time="2.318" errors="0" tests="1" skipped="0" disabled="0" failures="0">
  <testcase classname="Auth Translation.When user inputs the incorrect format for password and selects the Simplified Chinese language : " name="Should check every elements using the right language" time="2.316" />
 </testsuite>
 <testsuite name="Auth Translation.When user inputs the password and confirmation is inconsistent and selects the Simplified Chinese language :" timestamp="2016-08-16T13:43:12" hostname="localhost" time="2.686" errors="0" tests="1" skipped="0" disabled="0" failures="0">
  <testcase classname="Auth Translation.When user inputs the password and confirmation is inconsistent and selects the Simplified Chinese language :" name="Should check every elements using the right language" time="2.685" />
 </testsuite>
 <testsuite name="Auth Translation.When user inputs the e-mail, password and confirmation and clicks the [SIGN UP] and selects the Simplified Chinese language : " timestamp="2016-08-16T13:43:15" hostname="localhost" time="4.314" errors="0" tests="1" skipped="0" disabled="0" failures="0">
  <testcase classname="Auth Translation.When user inputs the e-mail, password and confirmation and clicks the [SIGN UP] and selects the Simplified Chinese language : " name="Should check every elements using the right language" time="4.314" />
 </testsuite>
 <testsuite name="Auth Translation.When user inputs an already existing e-mail and selects the Simplified Chinese language :" timestamp="2016-08-16T13:43:19" hostname="localhost" time="2.751" errors="0" tests="1" skipped="0" disabled="0" failures="0">
  <testcase classname="Auth Translation.When user inputs an already existing e-mail and selects the Simplified Chinese language :" name="Should check every elements using the right language" time="2.75" />
 </testsuite>
 <testsuite name="Auth Translation.When user inputs null in the account and password and selects the Simplified Chinese language : " timestamp="2016-08-16T13:43:22" hostname="localhost" time="2.762" errors="0" tests="1" skipped="0" disabled="0" failures="0">
  <testcase classname="Auth Translation.When user inputs null in the account and password and selects the Simplified Chinese language : " name="Should check every elements using the right language" time="2.761" />
 </testsuite>
 <testsuite name="Auth Translation.When the user inputs the correct email and password, but the email does not exist and clicks the [SIGN IN] and selects the Simplified Chinese language : " timestamp="2016-08-16T13:43:25" hostname="localhost" time="2.889" errors="0" tests="1" skipped="0" disabled="0" failures="0">
  <testcase classname="Auth Translation.When the user inputs the correct email and password, but the email does not exist and clicks the [SIGN IN] and selects the Simplified Chinese language : " name="Should check every elements using the right language" time="2.889" />
 </testsuite>
 <testsuite name="Auth Translation.When user inputs exist email but input not match password and clicks the [SIGN IN] and selects the Simplified Chinese language : " timestamp="2016-08-16T13:43:28" hostname="localhost" time="2.963" errors="0" tests="1" skipped="0" disabled="0" failures="0">
  <testcase classname="Auth Translation.When user inputs exist email but input not match password and clicks the [SIGN IN] and selects the Simplified Chinese language : " name="Should check every elements using the right language" time="2.963" />
 </testsuite>
 <testsuite name="Auth Translation.When user input the correct email and password and clicks the [SIGN IN] and selects the Simplified Chinese language : " timestamp="2016-08-16T13:43:31" hostname="localhost" time="3.13" errors="0" tests="1" skipped="0" disabled="0" failures="0">
  <testcase classname="Auth Translation.When user input the correct email and password and clicks the [SIGN IN] and selects the Simplified Chinese language : " name="Should check every elements using the right language" time="3.13" />
 </testsuite>
 <testsuite name="Auth Translation.When user clicks the [Sign Out] and selects the Simplified Chinese language : " timestamp="2016-08-16T13:43:34" hostname="localhost" time="4.584" errors="0" tests="1" skipped="0" disabled="0" failures="0">
  <testcase classname="Auth Translation.When user clicks the [Sign Out] and selects the Simplified Chinese language : " name="Should check every elements using the right language" time="4.584" />
 </testsuite>
 <testsuite name="Auth Translation.When user enters the login page and selects the English language: " timestamp="2016-08-16T13:43:39" hostname="localhost" time="2.072" errors="0" tests="1" skipped="0" disabled="0" failures="0">
  <testcase classname="Auth Translation.When user enters the login page and selects the English language: " name="Should check every elements using the right language" time="2.071" />
 </testsuite>
 <testsuite name="Auth Translation.When user enters the sign up page and selects the English language: " timestamp="2016-08-16T13:43:41" hostname="localhost" time="2.286" errors="0" tests="1" skipped="0" disabled="0" failures="0">
  <testcase classname="Auth Translation.When user enters the sign up page and selects the English language: " name="Should check every elements using the right language" time="2.286" />
 </testsuite>
 <testsuite name="Auth Translation.When user inputs null in the account and password and selects the English language : " timestamp="2016-08-16T13:43:43" hostname="localhost" time="3.661" errors="0" tests="1" skipped="0" disabled="0" failures="0">
  <testcase classname="Auth Translation.When user inputs null in the account and password and selects the English language : " name="Should check every elements using the right language" time="3.661" />
 </testsuite>
 <testsuite name="Auth Translation.When user inputs the incorrect format for e-mail and selects the English language : " timestamp="2016-08-16T13:43:47" hostname="localhost" time="3.06" errors="0" tests="1" skipped="0" disabled="0" failures="0">
  <testcase classname="Auth Translation.When user inputs the incorrect format for e-mail and selects the English language : " name="Should check every elements using the right language" time="3.06" />
 </testsuite>
 <testsuite name="Auth Translation.When user inputs the incorrect format for password and selects the English language : " timestamp="2016-08-16T13:43:50" hostname="localhost" time="2.655" errors="0" tests="1" skipped="0" disabled="0" failures="0">
  <testcase classname="Auth Translation.When user inputs the incorrect format for password and selects the English language : " name="Should check every elements using the right language" time="2.655" />
 </testsuite>
 <testsuite name="Auth Translation.When user inputs the password and confirmation is inconsistent and selects the English language :" timestamp="2016-08-16T13:43:52" hostname="localhost" time="2.78" errors="0" tests="1" skipped="0" disabled="0" failures="0">
  <testcase classname="Auth Translation.When user inputs the password and confirmation is inconsistent and selects the English language :" name="Should check every elements using the right language" time="2.778" />
 </testsuite>
 <testsuite name="Auth Translation.When user inputs the e-mail, password and confirmation and clicks the [SIGN UP] and selects the English language : " timestamp="2016-08-16T13:43:55" hostname="localhost" time="4.497" errors="0" tests="1" skipped="0" disabled="0" failures="0">
  <testcase classname="Auth Translation.When user inputs the e-mail, password and confirmation and clicks the [SIGN UP] and selects the English language : " name="Should check every elements using the right language" time="4.497" />
 </testsuite>
 <testsuite name="Auth Translation.When user inputs an already existing e-mail and selects the English language :" timestamp="2016-08-16T13:44:00" hostname="localhost" time="2.736" errors="0" tests="1" skipped="0" disabled="0" failures="0">
  <testcase classname="Auth Translation.When user inputs an already existing e-mail and selects the English language :" name="Should check every elements using the right language" time="2.736" />
 </testsuite>
 <testsuite name="Auth Translation.When user inputs null in the account and password and selects the English language : " timestamp="2016-08-16T13:44:02" hostname="localhost" time="2.751" errors="0" tests="1" skipped="0" disabled="0" failures="0">
  <testcase classname="Auth Translation.When user inputs null in the account and password and selects the English language : " name="Should check every elements using the right language" time="2.751" />
 </testsuite>
 <testsuite name="Auth Translation.When the user inputs the correct email and password, but the email does not exist and clicks the [SIGN IN] and selects the English language : " timestamp="2016-08-16T13:44:05" hostname="localhost" time="2.965" errors="0" tests="1" skipped="0" disabled="0" failures="0">
  <testcase classname="Auth Translation.When the user inputs the correct email and password, but the email does not exist and clicks the [SIGN IN] and selects the English language : " name="Should check every elements using the right language" time="2.965" />
 </testsuite>
 <testsuite name="Auth Translation.When user inputs exist email but input not match password and clicks the [Sign In] and selects the English language : " timestamp="2016-08-16T13:44:08" hostname="localhost" time="3.227" errors="0" tests="1" skipped="0" disabled="0" failures="0">
  <testcase classname="Auth Translation.When user inputs exist email but input not match password and clicks the [Sign In] and selects the English language : " name="Should check every elements using the right language" time="3.227" />
 </testsuite>
 <testsuite name="Auth Translation.When user input the correct email and password and clicks the [SIGN IN] and selects the English language : " timestamp="2016-08-16T13:44:11" hostname="localhost" time="3.226" errors="0" tests="1" skipped="0" disabled="0" failures="0">
  <testcase classname="Auth Translation.When user input the correct email and password and clicks the [SIGN IN] and selects the English language : " name="Should check every elements using the right language" time="3.226" />
 </testsuite>
 <testsuite name="Auth Translation.When user clicks the [Sign Out] : " timestamp="2016-08-16T13:44:14" hostname="localhost" time="4.938" errors="0" tests="1" skipped="0" disabled="0" failures="0">
  <testcase classname="Auth Translation.When user clicks the [Sign Out] : " name="Should check every elements using the right language" time="4.937" />
 </testsuite>
 <testsuite name="Bucket List : " timestamp="2016-08-16T13:44:19" hostname="localhost" time="5.802" errors="0" tests="0" skipped="0" disabled="0" failures="0">
 </testsuite>
 <testsuite name="Bucket List : .When the user into the management bucket page but do not have any of the bucket : " timestamp="2016-08-16T13:44:19" hostname="localhost" time="5.802" errors="0" tests="1" skipped="0" disabled="0" failures="0">
  <testcase classname="Bucket List : .When the user into the management bucket page but do not have any of the bucket : " name="Should check the [CREATE BUCKET] button is display and enabled and the message is displayed" time="5.802" />
 </testsuite>
 <testsuite name="Create Bucket" timestamp="2016-08-16T13:44:25" hostname="localhost" time="24.337" errors="0" tests="0" skipped="0" disabled="0" failures="0">
 </testsuite>
 <testsuite name="Create Bucket.When user click the [CREATE BUCKET] button : " timestamp="2016-08-16T13:44:25" hostname="localhost" time="5.826" errors="0" tests="2" skipped="0" disabled="0" failures="0">
  <testcase classname="Create Bucket.When user click the [CREATE BUCKET] button : " name="Should check the display Bucket form" time="2.415" />
  <testcase classname="Create Bucket.When user click the [CREATE BUCKET] button : " name="Should check the display Bucket form #2" time="3.411" />
 </testsuite>
 <testsuite name="Create Bucket.When the bucket form show and the user clicks the [Cancel] button" timestamp="2016-08-16T13:44:31" hostname="localhost" time="3.035" errors="0" tests="1" skipped="0" disabled="0" failures="0">
  <testcase classname="Create Bucket.When the bucket form show and the user clicks the [Cancel] button" name="Should check hide Create Bucket form" time="3.035" />
 </testsuite>
 <testsuite name="Create Bucket.When the bucket form show and the user clicks the [x] button" timestamp="2016-08-16T13:44:34" hostname="localhost" time="3.21" errors="0" tests="1" skipped="0" disabled="0" failures="0">
  <testcase classname="Create Bucket.When the bucket form show and the user clicks the [x] button" name="Should check hide Create Bucket form" time="3.21" />
 </testsuite>
 <testsuite name="Create Bucket.When user has not input bucket name : " timestamp="2016-08-16T13:44:37" hostname="localhost" time="2.358" errors="0" tests="1" skipped="0" disabled="0" failures="0">
  <testcase classname="Create Bucket.When user has not input bucket name : " name="Should check the [CREATE] is disabled" time="2.358" />
 </testsuite>
 <testsuite name="Create Bucket.When user input bucket name : " timestamp="2016-08-16T13:44:40" hostname="localhost" time="2.585" errors="0" tests="1" skipped="0" disabled="0" failures="0">
  <testcase classname="Create Bucket.When user input bucket name : " name="Should check the [CREATE] is enabled" time="2.584" />
 </testsuite>
 <testsuite name="Create Bucket.When user input bucket name and click the [CREATE] button: " timestamp="2016-08-16T13:44:42" hostname="localhost" time="3.98" errors="0" tests="1" skipped="0" disabled="0" failures="0">
  <testcase classname="Create Bucket.When user input bucket name and click the [CREATE] button: " name="Should check show create bucket success message" time="3.98" />
 </testsuite>
 <testsuite name="Create Bucket.When user has added a new bucket: " timestamp="2016-08-16T13:44:46" hostname="localhost" time="3.343" errors="0" tests="2" skipped="0" disabled="0" failures="0">
  <testcase classname="Create Bucket.When user has added a new bucket: " name="Should check the bucket exists in the file list" time="1.679" />
  <testcase classname="Create Bucket.When user has added a new bucket: " name="Should check sort situation" time="1.664" />
 </testsuite>
 <testsuite name="Delete Bucket" timestamp="2016-08-16T13:44:50" hostname="localhost" time="38.332" errors="0" tests="0" skipped="0" disabled="0" failures="0">
 </testsuite>
 <testsuite name="Delete Bucket.When user does not select any of the bucket : " timestamp="2016-08-16T13:44:50" hostname="localhost" time="2.479" errors="0" tests="1" skipped="0" disabled="0" failures="0">
  <testcase classname="Delete Bucket.When user does not select any of the bucket : " name="Should check the [delete bucket] button is disabled" time="2.479" />
 </testsuite>
 <testsuite name="Delete Bucket.When user selects to be deleted Bucket : " timestamp="2016-08-16T13:44:52" hostname="localhost" time="3.313" errors="0" tests="1" skipped="0" disabled="0" failures="0">
  <testcase classname="Delete Bucket.When user selects to be deleted Bucket : " name="Should check the [delete bucket] button is enabled" time="3.313" />
 </testsuite>
 <testsuite name="Delete Bucket.When user clicks the [delete bucket] button : " timestamp="2016-08-16T13:44:55" hostname="localhost" time="3.853" errors="0" tests="1" skipped="0" disabled="0" failures="0">
  <testcase classname="Delete Bucket.When user clicks the [delete bucket] button : " name="Should check the display to delete bucket form" time="3.853" />
 </testsuite>
 <testsuite name="Delete Bucket.When user clicks the [delete bucket] button but did not inputs the Bucket Name : " timestamp="2016-08-16T13:44:59" hostname="localhost" time="4.142" errors="0" tests="1" skipped="0" disabled="0" failures="0">
  <testcase classname="Delete Bucket.When user clicks the [delete bucket] button but did not inputs the Bucket Name : " name="Should check the [DELETE] button is disabled" time="4.141" />
 </testsuite>
 <testsuite name="Delete Bucket.When user opens the form create a folder and clicks the [Cancel] button : " timestamp="2016-08-16T13:45:03" hostname="localhost" time="4.712" errors="0" tests="1" skipped="0" disabled="0" failures="0">
  <testcase classname="Delete Bucket.When user opens the form create a folder and clicks the [Cancel] button : " name="Should check delete bucket form has been closed" time="4.712" />
 </testsuite>
 <testsuite name="Delete Bucket.When user opens the form create a folder and clicks the [x] button : " timestamp="2016-08-16T13:45:08" hostname="localhost" time="5.046" errors="0" tests="1" skipped="0" disabled="0" failures="0">
  <testcase classname="Delete Bucket.When user opens the form create a folder and clicks the [x] button : " name="Should check delete bucket form has been closed" time="5.046" />
 </testsuite>
 <testsuite name="Delete Bucket.When user inputs bucket name does not exist : " timestamp="2016-08-16T13:45:13" hostname="localhost" time="4.538" errors="0" tests="1" skipped="0" disabled="0" failures="0">
  <testcase classname="Delete Bucket.When user inputs bucket name does not exist : " name="Should check the show message bucket name is not exists" time="4.538" />
 </testsuite>
 <testsuite name="Delete Bucket.When user inputs the bucket name consistent : " timestamp="2016-08-16T13:45:18" hostname="localhost" time="4.617" errors="0" tests="1" skipped="0" disabled="0" failures="0">
  <testcase classname="Delete Bucket.When user inputs the bucket name consistent : " name="Should check the [DELETE] button is enabled" time="4.617" />
 </testsuite>
 <testsuite name="Delete Bucket.When user inputs the bucket name consistent and clicks the [DELETE] button : " timestamp="2016-08-16T13:45:22" hostname="localhost" time="5.632" errors="0" tests="1" skipped="0" disabled="0" failures="0">
  <testcase classname="Delete Bucket.When user inputs the bucket name consistent and clicks the [DELETE] button : " name="Should check show delete bucket success message and bucket has been deleted" time="5.632" />
 </testsuite>
 <testsuite name="Bucket Translation" timestamp="2016-08-16T13:45:28" hostname="localhost" time="170.615" errors="0" tests="0" skipped="0" disabled="0" failures="0">
 </testsuite>
 <testsuite name="Bucket Translation.When user enters the bucket page and selects the Traditional Chinese language: " timestamp="2016-08-16T13:45:28" hostname="localhost" time="4.065" errors="0" tests="1" skipped="0" disabled="0" failures="0">
  <testcase classname="Bucket Translation.When user enters the bucket page and selects the Traditional Chinese language: " name="Should check every elements using the right language" time="4.064" />
 </testsuite>
 <testsuite name="Bucket Translation.When user opens the create bucket form and selects the Traditional Chinese language: " timestamp="2016-08-16T13:45:32" hostname="localhost" time="4.662" errors="0" tests="1" skipped="0" disabled="0" failures="0">
  <testcase classname="Bucket Translation.When user opens the create bucket form and selects the Traditional Chinese language: " name="Should check every elements using the right language" time="4.662" />
 </testsuite>
 <testsuite name="Bucket Translation.When user clicks the [ACTIONS] button form and selects the Traditional Chinese language: " timestamp="2016-08-16T13:45:37" hostname="localhost" time="4.486" errors="0" tests="1" skipped="0" disabled="0" failures="0">
  <testcase classname="Bucket Translation.When user clicks the [ACTIONS] button form and selects the Traditional Chinese language: " name="Should check every elements using the right language" time="4.484" />
 </testsuite>
 <testsuite name="Bucket Translation.When user clicks the [ACTIONS] button and selects the Traditional Chinese language: " timestamp="2016-08-16T13:45:41" hostname="localhost" time="4.432" errors="0" tests="1" skipped="0" disabled="0" failures="0">
  <testcase classname="Bucket Translation.When user clicks the [ACTIONS] button and selects the Traditional Chinese language: " name="Should check every elements using the right language" time="4.432" />
 </testsuite>
 <testsuite name="Bucket Translation.When user create already exists bucket name and selects the Traditional Chinese language: " timestamp="2016-08-16T13:45:46" hostname="localhost" time="5.88" errors="0" tests="1" skipped="0" disabled="0" failures="0">
  <testcase classname="Bucket Translation.When user create already exists bucket name and selects the Traditional Chinese language: " name="Should check every elements using the right language" time="5.88" />
 </testsuite>
 <testsuite name="Bucket Translation.When user create bucket and selects the Traditional Chinese language: " timestamp="2016-08-16T13:45:51" hostname="localhost" time="5.634" errors="0" tests="1" skipped="0" disabled="0" failures="1">
  <testcase classname="Bucket Translation.When user create bucket and selects the Traditional Chinese language: " name="Should check every elements using the right language" time="5.634">
   <failure type="exception" message="Failed: No element found using locator: By(css selector, [class=&quot;ng-binding flex&quot;])"><![CDATA[NoSuchElementError: No element found using locator: By(css selector, [class="ng-binding flex"])
    at WebDriverError (/home/user/.nvm/versions/node/v4.2.4/lib/node_modules/protractor/node_modules/selenium-webdriver/error.js:27:10)
    at NoSuchElementError (/home/user/.nvm/versions/node/v4.2.4/lib/node_modules/protractor/node_modules/selenium-webdriver/error.js:230:10)
    at /home/user/.nvm/versions/node/v4.2.4/lib/node_modules/protractor/built/element.js:662:27
    at Promise.invokeCallback_ (/home/user/.nvm/versions/node/v4.2.4/lib/node_modules/protractor/node_modules/selenium-webdriver/lib/promise.js:1329:14)
    at TaskQueue.execute_ (/home/user/.nvm/versions/node/v4.2.4/lib/node_modules/protractor/node_modules/selenium-webdriver/lib/promise.js:2790:14)
    at TaskQueue.executeNext_ (/home/user/.nvm/versions/node/v4.2.4/lib/node_modules/protractor/node_modules/selenium-webdriver/lib/promise.js:2773:21)
    at /home/user/.nvm/versions/node/v4.2.4/lib/node_modules/protractor/node_modules/selenium-webdriver/lib/promise.js:2652:27
    at /home/user/.nvm/versions/node/v4.2.4/lib/node_modules/protractor/node_modules/selenium-webdriver/lib/promise.js:639:7
    at process._tickCallback (node.js:368:9)
Error
    at ElementArrayFinder.applyAction_ (/home/user/.nvm/versions/node/v4.2.4/lib/node_modules/protractor/built/element.js:371:27)
    at ElementArrayFinder._this.(anonymous function) [as getText] (/home/user/.nvm/versions/node/v4.2.4/lib/node_modules/protractor/built/element.js:83:30)
    at ElementFinder._this.(anonymous function) [as getText] (/home/user/.nvm/versions/node/v4.2.4/lib/node_modules/protractor/built/element.js:685:22)
    at Object.<anonymous> (/home/user/inwinStack-S3/github/s3-portal-ui/e2e/bucket/translation.js:113:30)
    at /home/user/.nvm/versions/node/v4.2.4/lib/node_modules/protractor/node_modules/jasminewd2/index.js:96:23
    at new Promise (/home/user/.nvm/versions/node/v4.2.4/lib/node_modules/protractor/node_modules/selenium-webdriver/lib/promise.js:1043:7)
    at controlFlowExecute (/home/user/.nvm/versions/node/v4.2.4/lib/node_modules/protractor/node_modules/jasminewd2/index.js:82:18)
    at TaskQueue.execute_ (/home/user/.nvm/versions/node/v4.2.4/lib/node_modules/protractor/node_modules/selenium-webdriver/lib/promise.js:2790:14)
    at TaskQueue.executeNext_ (/home/user/.nvm/versions/node/v4.2.4/lib/node_modules/protractor/node_modules/selenium-webdriver/lib/promise.js:2773:21)
    at /home/user/.nvm/versions/node/v4.2.4/lib/node_modules/protractor/node_modules/selenium-webdriver/lib/promise.js:2697:25
From: Task: Run it("Should check every elements using the right language") in control flow
    at Object.<anonymous> (/home/user/.nvm/versions/node/v4.2.4/lib/node_modules/protractor/node_modules/jasminewd2/index.js:81:14)
    at attemptAsync (/home/user/.nvm/versions/node/v4.2.4/lib/node_modules/protractor/node_modules/jasmine/node_modules/jasmine-core/lib/jasmine-core/jasmine.js:1916:24)
    at QueueRunner.run (/home/user/.nvm/versions/node/v4.2.4/lib/node_modules/protractor/node_modules/jasmine/node_modules/jasmine-core/lib/jasmine-core/jasmine.js:1871:9)
    at /home/user/.nvm/versions/node/v4.2.4/lib/node_modules/protractor/node_modules/jasmine/node_modules/jasmine-core/lib/jasmine-core/jasmine.js:1898:16
    at /home/user/.nvm/versions/node/v4.2.4/lib/node_modules/protractor/node_modules/jasmine/node_modules/jasmine-core/lib/jasmine-core/jasmine.js:1842:9
    at /home/user/.nvm/versions/node/v4.2.4/lib/node_modules/protractor/node_modules/jasminewd2/index.js:18:5
    at Promise.invokeCallback_ (/home/user/.nvm/versions/node/v4.2.4/lib/node_modules/protractor/node_modules/selenium-webdriver/lib/promise.js:1329:14)
    at TaskQueue.execute_ (/home/user/.nvm/versions/node/v4.2.4/lib/node_modules/protractor/node_modules/selenium-webdriver/lib/promise.js:2790:14)
    at TaskQueue.executeNext_ (/home/user/.nvm/versions/node/v4.2.4/lib/node_modules/protractor/node_modules/selenium-webdriver/lib/promise.js:2773:21)
    at /home/user/.nvm/versions/node/v4.2.4/lib/node_modules/protractor/node_modules/selenium-webdriver/lib/promise.js:2652:27
From asynchronous test: 
Error
    at Suite.<anonymous> (/home/user/inwinStack-S3/github/s3-portal-ui/e2e/bucket/translation.js:110:5)
    at addSpecsToSuite (/home/user/.nvm/versions/node/v4.2.4/lib/node_modules/protractor/node_modules/jasmine/node_modules/jasmine-core/lib/jasmine-core/jasmine.js:833:25)
    at Env.describe (/home/user/.nvm/versions/node/v4.2.4/lib/node_modules/protractor/node_modules/jasmine/node_modules/jasmine-core/lib/jasmine-core/jasmine.js:802:7)
    at jasmineInterface.describe (/home/user/.nvm/versions/node/v4.2.4/lib/node_modules/protractor/node_modules/jasmine/node_modules/jasmine-core/lib/jasmine-core/jasmine.js:3375:18)
    at Suite.<anonymous> (/home/user/inwinStack-S3/github/s3-portal-ui/e2e/bucket/translation.js:102:3)
    at addSpecsToSuite (/home/user/.nvm/versions/node/v4.2.4/lib/node_modules/protractor/node_modules/jasmine/node_modules/jasmine-core/lib/jasmine-core/jasmine.js:833:25)
    at Env.describe (/home/user/.nvm/versions/node/v4.2.4/lib/node_modules/protractor/node_modules/jasmine/node_modules/jasmine-core/lib/jasmine-core/jasmine.js:802:7)
    at jasmineInterface.describe (/home/user/.nvm/versions/node/v4.2.4/lib/node_modules/protractor/node_modules/jasmine/node_modules/jasmine-core/lib/jasmine-core/jasmine.js:3375:18)
    at Object.<anonymous> (/home/user/inwinStack-S3/github/s3-portal-ui/e2e/bucket/translation.js:8:1)]]>
   </failure>
  </testcase>
 </testsuite>
 <testsuite name="Bucket Translation.When user open delete bucket form and selects the Traditional Chinese language: " timestamp="2016-08-16T13:45:57" hostname="localhost" time="6.277" errors="0" tests="1" skipped="0" disabled="0" failures="0">
  <testcase classname="Bucket Translation.When user open delete bucket form and selects the Traditional Chinese language: " name="Should check every elements using the right language" time="6.276" />
 </testsuite>
 <testsuite name="Bucket Translation.When user input null and selects the Traditional Chinese language: " timestamp="2016-08-16T13:46:03" hostname="localhost" time="6.107" errors="0" tests="1" skipped="0" disabled="0" failures="0">
  <testcase classname="Bucket Translation.When user input null and selects the Traditional Chinese language: " name="Should check every elements using the right language" time="6.107" />
 </testsuite>
 <testsuite name="Bucket Translation.When user input not the same bucket name and selects the Traditional Chinese language: " timestamp="2016-08-16T13:46:09" hostname="localhost" time="6.649" errors="0" tests="1" skipped="0" disabled="0" failures="0">
  <testcase classname="Bucket Translation.When user input not the same bucket name and selects the Traditional Chinese language: " name="Should check every elements using the right language" time="6.649" />
 </testsuite>
 <testsuite name="Bucket Translation.When user delete bucket and selects the Traditional Chinese language: " timestamp="2016-08-16T13:46:16" hostname="localhost" time="7.739" errors="0" tests="1" skipped="0" disabled="0" failures="0">
  <testcase classname="Bucket Translation.When user delete bucket and selects the Traditional Chinese language: " name="Should check every elements using the right language" time="7.738" />
 </testsuite>
 <testsuite name="Bucket Translation.When user enters the bucket page and selects the Simplified Chinese language: " timestamp="2016-08-16T13:46:24" hostname="localhost" time="4.472" errors="0" tests="1" skipped="0" disabled="0" failures="0">
  <testcase classname="Bucket Translation.When user enters the bucket page and selects the Simplified Chinese language: " name="Should check every elements using the right language" time="4.472" />
 </testsuite>
 <testsuite name="Bucket Translation.When user opens the create bucket form and selects the Simplified Chinese language: " timestamp="2016-08-16T13:46:28" hostname="localhost" time="4.683" errors="0" tests="1" skipped="0" disabled="0" failures="0">
  <testcase classname="Bucket Translation.When user opens the create bucket form and selects the Simplified Chinese language: " name="Should check every elements using the right language" time="4.683" />
 </testsuite>
 <testsuite name="Bucket Translation.When user clicks the [ACTIONS] button form and selects the Simplified Chinese language: " timestamp="2016-08-16T13:46:33" hostname="localhost" time="4.366" errors="0" tests="1" skipped="0" disabled="0" failures="0">
  <testcase classname="Bucket Translation.When user clicks the [ACTIONS] button form and selects the Simplified Chinese language: " name="Should check every elements using the right language" time="4.363" />
 </testsuite>
 <testsuite name="Bucket Translation.When user clicks the [ACTIONS] button and selects the Simplified Chinese language: " timestamp="2016-08-16T13:46:37" hostname="localhost" time="4.672" errors="0" tests="1" skipped="0" disabled="0" failures="0">
  <testcase classname="Bucket Translation.When user clicks the [ACTIONS] button and selects the Simplified Chinese language: " name="Should check every elements using the right language" time="4.672" />
 </testsuite>
 <testsuite name="Bucket Translation.When user create already exists bucket name and selects the Simplified Chinese language: " timestamp="2016-08-16T13:46:42" hostname="localhost" time="5.613" errors="0" tests="1" skipped="0" disabled="0" failures="0">
  <testcase classname="Bucket Translation.When user create already exists bucket name and selects the Simplified Chinese language: " name="Should check every elements using the right language" time="5.613" />
 </testsuite>
 <testsuite name="Bucket Translation.When user create bucket and selects the Simplified Chinese language: " timestamp="2016-08-16T13:46:48" hostname="localhost" time="5.621" errors="0" tests="1" skipped="0" disabled="0" failures="0">
  <testcase classname="Bucket Translation.When user create bucket and selects the Simplified Chinese language: " name="Should check every elements using the right language" time="5.621" />
 </testsuite>
 <testsuite name="Bucket Translation.When user open delete bucket form and selects the Simplified Chinese language: " timestamp="2016-08-16T13:46:53" hostname="localhost" time="6.396" errors="0" tests="1" skipped="0" disabled="0" failures="0">
  <testcase classname="Bucket Translation.When user open delete bucket form and selects the Simplified Chinese language: " name="Should check every elements using the right language" time="6.396" />
 </testsuite>
 <testsuite name="Bucket Translation.When user input null and selects the Simplified Chinese language: " timestamp="2016-08-16T13:47:00" hostname="localhost" time="6.056" errors="0" tests="1" skipped="0" disabled="0" failures="0">
  <testcase classname="Bucket Translation.When user input null and selects the Simplified Chinese language: " name="Should check every elements using the right language" time="6.056" />
 </testsuite>
 <testsuite name="Bucket Translation.When user input not the same bucket name and selects the Simplified Chinese language: " timestamp="2016-08-16T13:47:06" hostname="localhost" time="6.731" errors="0" tests="1" skipped="0" disabled="0" failures="0">
  <testcase classname="Bucket Translation.When user input not the same bucket name and selects the Simplified Chinese language: " name="Should check every elements using the right language" time="6.731" />
 </testsuite>
 <testsuite name="Bucket Translation.When user delete bucket and selects the Simplified Chinese language: " timestamp="2016-08-16T13:47:12" hostname="localhost" time="7.631" errors="0" tests="1" skipped="0" disabled="0" failures="0">
  <testcase classname="Bucket Translation.When user delete bucket and selects the Simplified Chinese language: " name="Should check every elements using the right language" time="7.631" />
 </testsuite>
 <testsuite name="Bucket Translation.When user enters the bucket page and selects the English language: " timestamp="2016-08-16T13:47:20" hostname="localhost" time="4.081" errors="0" tests="1" skipped="0" disabled="0" failures="0">
  <testcase classname="Bucket Translation.When user enters the bucket page and selects the English language: " name="Should check every elements using the right language" time="4.081" />
 </testsuite>
 <testsuite name="Bucket Translation.When user opens the create bucket form and selects the English language: " timestamp="2016-08-16T13:47:24" hostname="localhost" time="4.693" errors="0" tests="1" skipped="0" disabled="0" failures="0">
  <testcase classname="Bucket Translation.When user opens the create bucket form and selects the English language: " name="Should check every elements using the right language" time="4.693" />
 </testsuite>
 <testsuite name="Bucket Translation.When user clicks the [ACTIONS] button form and selects the English language: " timestamp="2016-08-16T13:47:29" hostname="localhost" time="4.463" errors="0" tests="1" skipped="0" disabled="0" failures="0">
  <testcase classname="Bucket Translation.When user clicks the [ACTIONS] button form and selects the English language: " name="Should check every elements using the right language" time="4.461" />
 </testsuite>
 <testsuite name="Bucket Translation.When user clicks the [ACTIONS] button and selects the English language: " timestamp="2016-08-16T13:47:33" hostname="localhost" time="4.565" errors="0" tests="1" skipped="0" disabled="0" failures="0">
  <testcase classname="Bucket Translation.When user clicks the [ACTIONS] button and selects the English language: " name="Should check every elements using the right language" time="4.565" />
 </testsuite>
 <testsuite name="Bucket Translation.When user create already exists bucket name and selects the English language: " timestamp="2016-08-16T13:47:38" hostname="localhost" time="5.899" errors="0" tests="1" skipped="0" disabled="0" failures="0">
  <testcase classname="Bucket Translation.When user create already exists bucket name and selects the English language: " name="Should check every elements using the right language" time="5.899" />
 </testsuite>
 <testsuite name="Bucket Translation.When user create bucket and selects the English language: " timestamp="2016-08-16T13:47:44" hostname="localhost" time="5.432" errors="0" tests="1" skipped="0" disabled="0" failures="1">
  <testcase classname="Bucket Translation.When user create bucket and selects the English language: " name="Should check every elements using the right language" time="5.432">
   <failure type="exception" message="Failed: No element found using locator: By(css selector, [class=&quot;ng-binding flex&quot;])"><![CDATA[NoSuchElementError: No element found using locator: By(css selector, [class="ng-binding flex"])
    at WebDriverError (/home/user/.nvm/versions/node/v4.2.4/lib/node_modules/protractor/node_modules/selenium-webdriver/error.js:27:10)
    at NoSuchElementError (/home/user/.nvm/versions/node/v4.2.4/lib/node_modules/protractor/node_modules/selenium-webdriver/error.js:230:10)
    at /home/user/.nvm/versions/node/v4.2.4/lib/node_modules/protractor/built/element.js:662:27
    at Promise.invokeCallback_ (/home/user/.nvm/versions/node/v4.2.4/lib/node_modules/protractor/node_modules/selenium-webdriver/lib/promise.js:1329:14)
    at TaskQueue.execute_ (/home/user/.nvm/versions/node/v4.2.4/lib/node_modules/protractor/node_modules/selenium-webdriver/lib/promise.js:2790:14)
    at TaskQueue.executeNext_ (/home/user/.nvm/versions/node/v4.2.4/lib/node_modules/protractor/node_modules/selenium-webdriver/lib/promise.js:2773:21)
    at /home/user/.nvm/versions/node/v4.2.4/lib/node_modules/protractor/node_modules/selenium-webdriver/lib/promise.js:2652:27
    at /home/user/.nvm/versions/node/v4.2.4/lib/node_modules/protractor/node_modules/selenium-webdriver/lib/promise.js:639:7
    at process._tickCallback (node.js:368:9)
Error
    at ElementArrayFinder.applyAction_ (/home/user/.nvm/versions/node/v4.2.4/lib/node_modules/protractor/built/element.js:371:27)
    at ElementArrayFinder._this.(anonymous function) [as getText] (/home/user/.nvm/versions/node/v4.2.4/lib/node_modules/protractor/built/element.js:83:30)
    at ElementFinder._this.(anonymous function) [as getText] (/home/user/.nvm/versions/node/v4.2.4/lib/node_modules/protractor/built/element.js:685:22)
    at Object.<anonymous> (/home/user/inwinStack-S3/github/s3-portal-ui/e2e/bucket/translation.js:435:30)
    at /home/user/.nvm/versions/node/v4.2.4/lib/node_modules/protractor/node_modules/jasminewd2/index.js:96:23
    at new Promise (/home/user/.nvm/versions/node/v4.2.4/lib/node_modules/protractor/node_modules/selenium-webdriver/lib/promise.js:1043:7)
    at controlFlowExecute (/home/user/.nvm/versions/node/v4.2.4/lib/node_modules/protractor/node_modules/jasminewd2/index.js:82:18)
    at TaskQueue.execute_ (/home/user/.nvm/versions/node/v4.2.4/lib/node_modules/protractor/node_modules/selenium-webdriver/lib/promise.js:2790:14)
    at TaskQueue.executeNext_ (/home/user/.nvm/versions/node/v4.2.4/lib/node_modules/protractor/node_modules/selenium-webdriver/lib/promise.js:2773:21)
    at /home/user/.nvm/versions/node/v4.2.4/lib/node_modules/protractor/node_modules/selenium-webdriver/lib/promise.js:2697:25
From: Task: Run it("Should check every elements using the right language") in control flow
    at Object.<anonymous> (/home/user/.nvm/versions/node/v4.2.4/lib/node_modules/protractor/node_modules/jasminewd2/index.js:81:14)
    at attemptAsync (/home/user/.nvm/versions/node/v4.2.4/lib/node_modules/protractor/node_modules/jasmine/node_modules/jasmine-core/lib/jasmine-core/jasmine.js:1916:24)
    at QueueRunner.run (/home/user/.nvm/versions/node/v4.2.4/lib/node_modules/protractor/node_modules/jasmine/node_modules/jasmine-core/lib/jasmine-core/jasmine.js:1871:9)
    at /home/user/.nvm/versions/node/v4.2.4/lib/node_modules/protractor/node_modules/jasmine/node_modules/jasmine-core/lib/jasmine-core/jasmine.js:1898:16
    at /home/user/.nvm/versions/node/v4.2.4/lib/node_modules/protractor/node_modules/jasmine/node_modules/jasmine-core/lib/jasmine-core/jasmine.js:1842:9
    at /home/user/.nvm/versions/node/v4.2.4/lib/node_modules/protractor/node_modules/jasminewd2/index.js:18:5
    at Promise.invokeCallback_ (/home/user/.nvm/versions/node/v4.2.4/lib/node_modules/protractor/node_modules/selenium-webdriver/lib/promise.js:1329:14)
    at TaskQueue.execute_ (/home/user/.nvm/versions/node/v4.2.4/lib/node_modules/protractor/node_modules/selenium-webdriver/lib/promise.js:2790:14)
    at TaskQueue.executeNext_ (/home/user/.nvm/versions/node/v4.2.4/lib/node_modules/protractor/node_modules/selenium-webdriver/lib/promise.js:2773:21)
    at /home/user/.nvm/versions/node/v4.2.4/lib/node_modules/protractor/node_modules/selenium-webdriver/lib/promise.js:2652:27
From asynchronous test: 
Error
    at Suite.<anonymous> (/home/user/inwinStack-S3/github/s3-portal-ui/e2e/bucket/translation.js:432:5)
    at addSpecsToSuite (/home/user/.nvm/versions/node/v4.2.4/lib/node_modules/protractor/node_modules/jasmine/node_modules/jasmine-core/lib/jasmine-core/jasmine.js:833:25)
    at Env.describe (/home/user/.nvm/versions/node/v4.2.4/lib/node_modules/protractor/node_modules/jasmine/node_modules/jasmine-core/lib/jasmine-core/jasmine.js:802:7)
    at jasmineInterface.describe (/home/user/.nvm/versions/node/v4.2.4/lib/node_modules/protractor/node_modules/jasmine/node_modules/jasmine-core/lib/jasmine-core/jasmine.js:3375:18)
    at Suite.<anonymous> (/home/user/inwinStack-S3/github/s3-portal-ui/e2e/bucket/translation.js:424:3)
    at addSpecsToSuite (/home/user/.nvm/versions/node/v4.2.4/lib/node_modules/protractor/node_modules/jasmine/node_modules/jasmine-core/lib/jasmine-core/jasmine.js:833:25)
    at Env.describe (/home/user/.nvm/versions/node/v4.2.4/lib/node_modules/protractor/node_modules/jasmine/node_modules/jasmine-core/lib/jasmine-core/jasmine.js:802:7)
    at jasmineInterface.describe (/home/user/.nvm/versions/node/v4.2.4/lib/node_modules/protractor/node_modules/jasmine/node_modules/jasmine-core/lib/jasmine-core/jasmine.js:3375:18)
    at Object.<anonymous> (/home/user/inwinStack-S3/github/s3-portal-ui/e2e/bucket/translation.js:8:1)]]>
   </failure>
  </testcase>
 </testsuite>
 <testsuite name="Bucket Translation.When user open delete bucket form and selects the English language: " timestamp="2016-08-16T13:47:49" hostname="localhost" time="6.389" errors="0" tests="1" skipped="0" disabled="0" failures="0">
  <testcase classname="Bucket Translation.When user open delete bucket form and selects the English language: " name="Should check every elements using the right language" time="6.388" />
 </testsuite>
 <testsuite name="Bucket Translation.When user input null and selects the English language: " timestamp="2016-08-16T13:47:56" hostname="localhost" time="5.994" errors="0" tests="1" skipped="0" disabled="0" failures="0">
  <testcase classname="Bucket Translation.When user input null and selects the English language: " name="Should check every elements using the right language" time="5.993" />
 </testsuite>
 <testsuite name="Bucket Translation.When user input not the same bucket name and selects the English language: " timestamp="2016-08-16T13:48:02" hostname="localhost" time="6.413" errors="0" tests="1" skipped="0" disabled="0" failures="0">
  <testcase classname="Bucket Translation.When user input not the same bucket name and selects the English language: " name="Should check every elements using the right language" time="6.413" />
 </testsuite>
 <testsuite name="Bucket Translation.When user delete bucket and selects the English language: " timestamp="2016-08-16T13:48:08" hostname="localhost" time="7.174" errors="0" tests="1" skipped="0" disabled="0" failures="1">
  <testcase classname="Bucket Translation.When user delete bucket and selects the English language: " name="Should check every elements using the right language" time="7.174">
   <failure type="exception" message="Failed: No element found using locator: By(css selector, [class=&quot;ng-binding flex&quot;])"><![CDATA[NoSuchElementError: No element found using locator: By(css selector, [class="ng-binding flex"])
    at WebDriverError (/home/user/.nvm/versions/node/v4.2.4/lib/node_modules/protractor/node_modules/selenium-webdriver/error.js:27:10)
    at NoSuchElementError (/home/user/.nvm/versions/node/v4.2.4/lib/node_modules/protractor/node_modules/selenium-webdriver/error.js:230:10)
    at /home/user/.nvm/versions/node/v4.2.4/lib/node_modules/protractor/built/element.js:662:27
    at Promise.invokeCallback_ (/home/user/.nvm/versions/node/v4.2.4/lib/node_modules/protractor/node_modules/selenium-webdriver/lib/promise.js:1329:14)
    at TaskQueue.execute_ (/home/user/.nvm/versions/node/v4.2.4/lib/node_modules/protractor/node_modules/selenium-webdriver/lib/promise.js:2790:14)
    at TaskQueue.executeNext_ (/home/user/.nvm/versions/node/v4.2.4/lib/node_modules/protractor/node_modules/selenium-webdriver/lib/promise.js:2773:21)
    at /home/user/.nvm/versions/node/v4.2.4/lib/node_modules/protractor/node_modules/selenium-webdriver/lib/promise.js:2652:27
    at /home/user/.nvm/versions/node/v4.2.4/lib/node_modules/protractor/node_modules/selenium-webdriver/lib/promise.js:639:7
    at process._tickCallback (node.js:368:9)
Error
    at ElementArrayFinder.applyAction_ (/home/user/.nvm/versions/node/v4.2.4/lib/node_modules/protractor/built/element.js:371:27)
    at ElementArrayFinder._this.(anonymous function) [as getText] (/home/user/.nvm/versions/node/v4.2.4/lib/node_modules/protractor/built/element.js:83:30)
    at ElementFinder._this.(anonymous function) [as getText] (/home/user/.nvm/versions/node/v4.2.4/lib/node_modules/protractor/built/element.js:685:22)
    at Object.<anonymous> (/home/user/inwinStack-S3/github/s3-portal-ui/e2e/bucket/translation.js:502:30)
    at /home/user/.nvm/versions/node/v4.2.4/lib/node_modules/protractor/node_modules/jasminewd2/index.js:96:23
    at new Promise (/home/user/.nvm/versions/node/v4.2.4/lib/node_modules/protractor/node_modules/selenium-webdriver/lib/promise.js:1043:7)
    at controlFlowExecute (/home/user/.nvm/versions/node/v4.2.4/lib/node_modules/protractor/node_modules/jasminewd2/index.js:82:18)
    at TaskQueue.execute_ (/home/user/.nvm/versions/node/v4.2.4/lib/node_modules/protractor/node_modules/selenium-webdriver/lib/promise.js:2790:14)
    at TaskQueue.executeNext_ (/home/user/.nvm/versions/node/v4.2.4/lib/node_modules/protractor/node_modules/selenium-webdriver/lib/promise.js:2773:21)
    at /home/user/.nvm/versions/node/v4.2.4/lib/node_modules/protractor/node_modules/selenium-webdriver/lib/promise.js:2697:25
From: Task: Run it("Should check every elements using the right language") in control flow
    at Object.<anonymous> (/home/user/.nvm/versions/node/v4.2.4/lib/node_modules/protractor/node_modules/jasminewd2/index.js:81:14)
    at attemptAsync (/home/user/.nvm/versions/node/v4.2.4/lib/node_modules/protractor/node_modules/jasmine/node_modules/jasmine-core/lib/jasmine-core/jasmine.js:1916:24)
    at QueueRunner.run (/home/user/.nvm/versions/node/v4.2.4/lib/node_modules/protractor/node_modules/jasmine/node_modules/jasmine-core/lib/jasmine-core/jasmine.js:1871:9)
    at /home/user/.nvm/versions/node/v4.2.4/lib/node_modules/protractor/node_modules/jasmine/node_modules/jasmine-core/lib/jasmine-core/jasmine.js:1898:16
    at /home/user/.nvm/versions/node/v4.2.4/lib/node_modules/protractor/node_modules/jasmine/node_modules/jasmine-core/lib/jasmine-core/jasmine.js:1842:9
    at /home/user/.nvm/versions/node/v4.2.4/lib/node_modules/protractor/node_modules/jasminewd2/index.js:18:5
    at Promise.invokeCallback_ (/home/user/.nvm/versions/node/v4.2.4/lib/node_modules/protractor/node_modules/selenium-webdriver/lib/promise.js:1329:14)
    at TaskQueue.execute_ (/home/user/.nvm/versions/node/v4.2.4/lib/node_modules/protractor/node_modules/selenium-webdriver/lib/promise.js:2790:14)
    at TaskQueue.executeNext_ (/home/user/.nvm/versions/node/v4.2.4/lib/node_modules/protractor/node_modules/selenium-webdriver/lib/promise.js:2773:21)
    at /home/user/.nvm/versions/node/v4.2.4/lib/node_modules/protractor/node_modules/selenium-webdriver/lib/promise.js:2652:27
From asynchronous test: 
Error
    at Suite.<anonymous> (/home/user/inwinStack-S3/github/s3-portal-ui/e2e/bucket/translation.js:499:5)
    at addSpecsToSuite (/home/user/.nvm/versions/node/v4.2.4/lib/node_modules/protractor/node_modules/jasmine/node_modules/jasmine-core/lib/jasmine-core/jasmine.js:833:25)
    at Env.describe (/home/user/.nvm/versions/node/v4.2.4/lib/node_modules/protractor/node_modules/jasmine/node_modules/jasmine-core/lib/jasmine-core/jasmine.js:802:7)
    at jasmineInterface.describe (/home/user/.nvm/versions/node/v4.2.4/lib/node_modules/protractor/node_modules/jasmine/node_modules/jasmine-core/lib/jasmine-core/jasmine.js:3375:18)
    at Suite.<anonymous> (/home/user/inwinStack-S3/github/s3-portal-ui/e2e/bucket/translation.js:489:3)
    at addSpecsToSuite (/home/user/.nvm/versions/node/v4.2.4/lib/node_modules/protractor/node_modules/jasmine/node_modules/jasmine-core/lib/jasmine-core/jasmine.js:833:25)
    at Env.describe (/home/user/.nvm/versions/node/v4.2.4/lib/node_modules/protractor/node_modules/jasmine/node_modules/jasmine-core/lib/jasmine-core/jasmine.js:802:7)
    at jasmineInterface.describe (/home/user/.nvm/versions/node/v4.2.4/lib/node_modules/protractor/node_modules/jasmine/node_modules/jasmine-core/lib/jasmine-core/jasmine.js:3375:18)
    at Object.<anonymous> (/home/user/inwinStack-S3/github/s3-portal-ui/e2e/bucket/translation.js:8:1)]]>
   </failure>
  </testcase>
 </testsuite>
 <testsuite name="Bucket Translation.When user click the [Sign Out] : " timestamp="2016-08-16T13:48:15" hostname="localhost" time="3.335" errors="0" tests="1" skipped="0" disabled="0" failures="0">
  <testcase classname="Bucket Translation.When user click the [Sign Out] : " name="Clear" time="3.335" />
 </testsuite>
 <testsuite name="File Properties" timestamp="2016-08-16T13:48:18" hostname="localhost" time="49.846" errors="0" tests="0" skipped="0" disabled="0" failures="0">
 </testsuite>
 <testsuite name="File Properties.When user selects the bucketList and clicks properties : " timestamp="2016-08-16T13:48:18" hostname="localhost" time="11.853" errors="0" tests="1" skipped="0" disabled="0" failures="0">
  <testcase classname="File Properties.When user selects the bucketList and clicks properties : " name="Should check whether the properties page" time="11.853" />
 </testsuite>
 <testsuite name="File Properties.When user selects the bucketList and clicks other properties : " timestamp="2016-08-16T13:48:30" hostname="localhost" time="2.704" errors="0" tests="1" skipped="0" disabled="0" failures="0">
  <testcase classname="File Properties.When user selects the bucketList and clicks other properties : " name="Should check whether the properties page" time="2.704" />
 </testsuite>
 <testsuite name="File Properties.When user into the file properties form and click [X] btn  : " timestamp="2016-08-16T13:48:33" hostname="localhost" time="2.998" errors="0" tests="1" skipped="0" disabled="0" failures="0">
  <testcase classname="File Properties.When user into the file properties form and click [X] btn  : " name="Should check the properties form is closed and properties is enabled" time="2.998" />
 </testsuite>
 <testsuite name="File Properties.When user selects the folder and clicks properties : " timestamp="2016-08-16T13:48:36" hostname="localhost" time="8.646" errors="0" tests="1" skipped="0" disabled="0" failures="0">
  <testcase classname="File Properties.When user selects the folder and clicks properties : " name="Should check whether the empty folder properties" time="8.646" />
 </testsuite>
 <testsuite name="File Properties.When user selects the files and clicks properties : " timestamp="2016-08-16T13:48:45" hostname="localhost" time="9.405" errors="0" tests="1" skipped="0" disabled="0" failures="0">
  <testcase classname="File Properties.When user selects the files and clicks properties : " name="Should check whether the folder properties" time="9.405" />
 </testsuite>
 <testsuite name="File Properties.When user selects the files and clicks properties : " timestamp="2016-08-16T13:48:54" hostname="localhost" time="8.459" errors="0" tests="1" skipped="0" disabled="0" failures="0">
  <testcase classname="File Properties.When user selects the files and clicks properties : " name="Should check whether the files properties" time="8.459" />
 </testsuite>
 <testsuite name="File Properties.Clear" timestamp="2016-08-16T13:49:03" hostname="localhost" time="5.781" errors="0" tests="1" skipped="0" disabled="0" failures="1">
  <testcase classname="File Properties.Clear" name="Clear" time="5.78">
   <failure type="exception" message="Failed: No element found using locator: By(css selector, [class=&quot;ng-binding flex&quot;])"><![CDATA[NoSuchElementError: No element found using locator: By(css selector, [class="ng-binding flex"])
    at WebDriverError (/home/user/.nvm/versions/node/v4.2.4/lib/node_modules/protractor/node_modules/selenium-webdriver/error.js:27:10)
    at NoSuchElementError (/home/user/.nvm/versions/node/v4.2.4/lib/node_modules/protractor/node_modules/selenium-webdriver/error.js:230:10)
    at /home/user/.nvm/versions/node/v4.2.4/lib/node_modules/protractor/built/element.js:662:27
    at Promise.invokeCallback_ (/home/user/.nvm/versions/node/v4.2.4/lib/node_modules/protractor/node_modules/selenium-webdriver/lib/promise.js:1329:14)
    at TaskQueue.execute_ (/home/user/.nvm/versions/node/v4.2.4/lib/node_modules/protractor/node_modules/selenium-webdriver/lib/promise.js:2790:14)
    at TaskQueue.executeNext_ (/home/user/.nvm/versions/node/v4.2.4/lib/node_modules/protractor/node_modules/selenium-webdriver/lib/promise.js:2773:21)
    at /home/user/.nvm/versions/node/v4.2.4/lib/node_modules/protractor/node_modules/selenium-webdriver/lib/promise.js:2652:27
    at /home/user/.nvm/versions/node/v4.2.4/lib/node_modules/protractor/node_modules/selenium-webdriver/lib/promise.js:639:7
    at process._tickCallback (node.js:368:9)
Error
    at ElementArrayFinder.applyAction_ (/home/user/.nvm/versions/node/v4.2.4/lib/node_modules/protractor/built/element.js:371:27)
    at ElementArrayFinder._this.(anonymous function) [as isDisplayed] (/home/user/.nvm/versions/node/v4.2.4/lib/node_modules/protractor/built/element.js:83:30)
    at ElementFinder._this.(anonymous function) [as isDisplayed] (/home/user/.nvm/versions/node/v4.2.4/lib/node_modules/protractor/built/element.js:685:22)
    at Object.<anonymous> (/home/user/inwinStack-S3/github/s3-portal-ui/e2e/file/properties.js:139:30)
    at /home/user/.nvm/versions/node/v4.2.4/lib/node_modules/protractor/node_modules/jasminewd2/index.js:96:23
    at new Promise (/home/user/.nvm/versions/node/v4.2.4/lib/node_modules/protractor/node_modules/selenium-webdriver/lib/promise.js:1043:7)
    at controlFlowExecute (/home/user/.nvm/versions/node/v4.2.4/lib/node_modules/protractor/node_modules/jasminewd2/index.js:82:18)
    at TaskQueue.execute_ (/home/user/.nvm/versions/node/v4.2.4/lib/node_modules/protractor/node_modules/selenium-webdriver/lib/promise.js:2790:14)
    at TaskQueue.executeNext_ (/home/user/.nvm/versions/node/v4.2.4/lib/node_modules/protractor/node_modules/selenium-webdriver/lib/promise.js:2773:21)
    at /home/user/.nvm/versions/node/v4.2.4/lib/node_modules/protractor/node_modules/selenium-webdriver/lib/promise.js:2697:25
From: Task: Run it("Clear") in control flow
    at Object.<anonymous> (/home/user/.nvm/versions/node/v4.2.4/lib/node_modules/protractor/node_modules/jasminewd2/index.js:81:14)
    at attemptAsync (/home/user/.nvm/versions/node/v4.2.4/lib/node_modules/protractor/node_modules/jasmine/node_modules/jasmine-core/lib/jasmine-core/jasmine.js:1916:24)
    at QueueRunner.run (/home/user/.nvm/versions/node/v4.2.4/lib/node_modules/protractor/node_modules/jasmine/node_modules/jasmine-core/lib/jasmine-core/jasmine.js:1871:9)
    at /home/user/.nvm/versions/node/v4.2.4/lib/node_modules/protractor/node_modules/jasmine/node_modules/jasmine-core/lib/jasmine-core/jasmine.js:1898:16
    at /home/user/.nvm/versions/node/v4.2.4/lib/node_modules/protractor/node_modules/jasmine/node_modules/jasmine-core/lib/jasmine-core/jasmine.js:1842:9
    at /home/user/.nvm/versions/node/v4.2.4/lib/node_modules/protractor/node_modules/jasminewd2/index.js:18:5
    at Promise.invokeCallback_ (/home/user/.nvm/versions/node/v4.2.4/lib/node_modules/protractor/node_modules/selenium-webdriver/lib/promise.js:1329:14)
    at TaskQueue.execute_ (/home/user/.nvm/versions/node/v4.2.4/lib/node_modules/protractor/node_modules/selenium-webdriver/lib/promise.js:2790:14)
    at TaskQueue.executeNext_ (/home/user/.nvm/versions/node/v4.2.4/lib/node_modules/protractor/node_modules/selenium-webdriver/lib/promise.js:2773:21)
    at /home/user/.nvm/versions/node/v4.2.4/lib/node_modules/protractor/node_modules/selenium-webdriver/lib/promise.js:2652:27
From asynchronous test: 
Error
    at Suite.<anonymous> (/home/user/inwinStack-S3/github/s3-portal-ui/e2e/file/properties.js:136:5)
    at addSpecsToSuite (/home/user/.nvm/versions/node/v4.2.4/lib/node_modules/protractor/node_modules/jasmine/node_modules/jasmine-core/lib/jasmine-core/jasmine.js:833:25)
    at Env.describe (/home/user/.nvm/versions/node/v4.2.4/lib/node_modules/protractor/node_modules/jasmine/node_modules/jasmine-core/lib/jasmine-core/jasmine.js:802:7)
    at jasmineInterface.describe (/home/user/.nvm/versions/node/v4.2.4/lib/node_modules/protractor/node_modules/jasmine/node_modules/jasmine-core/lib/jasmine-core/jasmine.js:3375:18)
    at Suite.<anonymous> (/home/user/inwinStack-S3/github/s3-portal-ui/e2e/file/properties.js:128:3)
    at addSpecsToSuite (/home/user/.nvm/versions/node/v4.2.4/lib/node_modules/protractor/node_modules/jasmine/node_modules/jasmine-core/lib/jasmine-core/jasmine.js:833:25)
    at Env.describe (/home/user/.nvm/versions/node/v4.2.4/lib/node_modules/protractor/node_modules/jasmine/node_modules/jasmine-core/lib/jasmine-core/jasmine.js:802:7)
    at jasmineInterface.describe (/home/user/.nvm/versions/node/v4.2.4/lib/node_modules/protractor/node_modules/jasmine/node_modules/jasmine-core/lib/jasmine-core/jasmine.js:3375:18)
    at Object.<anonymous> (/home/user/inwinStack-S3/github/s3-portal-ui/e2e/file/properties.js:11:1)]]>
   </failure>
  </testcase>
 </testsuite>
 <testsuite name="File Rename" timestamp="2016-08-16T13:49:08" hostname="localhost" time="88.018" errors="0" tests="0" skipped="0" disabled="0" failures="0">
 </testsuite>
 <testsuite name="File Rename.When user not select any file : " timestamp="2016-08-16T13:49:08" hostname="localhost" time="2.483" errors="0" tests="1" skipped="0" disabled="0" failures="0">
  <testcase classname="File Rename.When user not select any file : " name="Should check the [Rename] button is disabled " time="2.483" />
 </testsuite>
 <testsuite name="File Rename.When user select bucket : " timestamp="2016-08-16T13:49:11" hostname="localhost" time="8.582" errors="0" tests="1" skipped="0" disabled="0" failures="0">
  <testcase classname="File Rename.When user select bucket : " name="Should check the [Rename] button is disabled " time="8.582" />
 </testsuite>
 <testsuite name="File Rename.When user select folder : " timestamp="2016-08-16T13:49:19" hostname="localhost" time="9.156" errors="0" tests="1" skipped="0" disabled="0" failures="0">
  <testcase classname="File Rename.When user select folder : " name="Should check the [Rename] button is disabled " time="9.156" />
 </testsuite>
 <testsuite name="File Rename.When user select file : " timestamp="2016-08-16T13:49:29" hostname="localhost" time="8.691" errors="0" tests="1" skipped="0" disabled="0" failures="0">
  <testcase classname="File Rename.When user select file : " name="Should check the [Rename] button is enabled " time="8.688" />
 </testsuite>
 <testsuite name="File Rename.When user select file and select [Rename] button : " timestamp="2016-08-16T13:49:37" hostname="localhost" time="5.907" errors="0" tests="1" skipped="0" disabled="0" failures="0">
  <testcase classname="File Rename.When user select file and select [Rename] button : " name="Should check the rename file form is displayed " time="5.907" />
 </testsuite>
 <testsuite name="File Rename.When user into the file rename form and click [X] btn " timestamp="2016-08-16T13:49:43" hostname="localhost" time="6.323" errors="0" tests="1" skipped="0" disabled="0" failures="0">
  <testcase classname="File Rename.When user into the file rename form and click [X] btn " name="Should check the rename file form is not displayed " time="6.322" />
 </testsuite>
 <testsuite name="File Rename.When user into the file rename form and click cancel btn " timestamp="2016-08-16T13:49:49" hostname="localhost" time="6.64" errors="0" tests="1" skipped="0" disabled="0" failures="0">
  <testcase classname="File Rename.When user into the file rename form and click cancel btn " name="Should check the rename file form is not displayed " time="6.64" />
 </testsuite>
 <testsuite name="File Rename.When user into the file rename form and send empty " timestamp="2016-08-16T13:49:56" hostname="localhost" time="5.618" errors="0" tests="1" skipped="0" disabled="0" failures="0">
  <testcase classname="File Rename.When user into the file rename form and send empty " name="Should check the rename check button is disabled " time="5.618" />
 </testsuite>
 <testsuite name="File Rename.When user into the file rename form and send same file name " timestamp="2016-08-16T13:50:02" hostname="localhost" time="7.072" errors="0" tests="1" skipped="0" disabled="0" failures="0">
  <testcase classname="File Rename.When user into the file rename form and send same file name " name="Should check the rename error message " time="7.072" />
 </testsuite>
 <testsuite name="File Rename.When user into the file rename form and send new file name " timestamp="2016-08-16T13:50:09" hostname="localhost" time="7.226" errors="0" tests="1" skipped="0" disabled="0" failures="1">
  <testcase classname="File Rename.When user into the file rename form and send new file name " name="Should check the rename success message " time="7.226">
   <failure type="exception" message="Failed: No element found using locator: By(css selector, [class=&quot;ng-binding flex&quot;])"><![CDATA[NoSuchElementError: No element found using locator: By(css selector, [class="ng-binding flex"])
    at WebDriverError (/home/user/.nvm/versions/node/v4.2.4/lib/node_modules/protractor/node_modules/selenium-webdriver/error.js:27:10)
    at NoSuchElementError (/home/user/.nvm/versions/node/v4.2.4/lib/node_modules/protractor/node_modules/selenium-webdriver/error.js:230:10)
    at /home/user/.nvm/versions/node/v4.2.4/lib/node_modules/protractor/built/element.js:662:27
    at Promise.invokeCallback_ (/home/user/.nvm/versions/node/v4.2.4/lib/node_modules/protractor/node_modules/selenium-webdriver/lib/promise.js:1329:14)
    at TaskQueue.execute_ (/home/user/.nvm/versions/node/v4.2.4/lib/node_modules/protractor/node_modules/selenium-webdriver/lib/promise.js:2790:14)
    at TaskQueue.executeNext_ (/home/user/.nvm/versions/node/v4.2.4/lib/node_modules/protractor/node_modules/selenium-webdriver/lib/promise.js:2773:21)
    at /home/user/.nvm/versions/node/v4.2.4/lib/node_modules/protractor/node_modules/selenium-webdriver/lib/promise.js:2652:27
    at /home/user/.nvm/versions/node/v4.2.4/lib/node_modules/protractor/node_modules/selenium-webdriver/lib/promise.js:639:7
    at process._tickCallback (node.js:368:9)
Error
    at ElementArrayFinder.applyAction_ (/home/user/.nvm/versions/node/v4.2.4/lib/node_modules/protractor/built/element.js:371:27)
    at ElementArrayFinder._this.(anonymous function) [as isDisplayed] (/home/user/.nvm/versions/node/v4.2.4/lib/node_modules/protractor/built/element.js:83:30)
    at ElementFinder._this.(anonymous function) [as isDisplayed] (/home/user/.nvm/versions/node/v4.2.4/lib/node_modules/protractor/built/element.js:685:22)
    at Object.<anonymous> (/home/user/inwinStack-S3/github/s3-portal-ui/e2e/file/rename.js:170:30)
    at /home/user/.nvm/versions/node/v4.2.4/lib/node_modules/protractor/node_modules/jasminewd2/index.js:96:23
    at new Promise (/home/user/.nvm/versions/node/v4.2.4/lib/node_modules/protractor/node_modules/selenium-webdriver/lib/promise.js:1043:7)
    at controlFlowExecute (/home/user/.nvm/versions/node/v4.2.4/lib/node_modules/protractor/node_modules/jasminewd2/index.js:82:18)
    at TaskQueue.execute_ (/home/user/.nvm/versions/node/v4.2.4/lib/node_modules/protractor/node_modules/selenium-webdriver/lib/promise.js:2790:14)
    at TaskQueue.executeNext_ (/home/user/.nvm/versions/node/v4.2.4/lib/node_modules/protractor/node_modules/selenium-webdriver/lib/promise.js:2773:21)
    at /home/user/.nvm/versions/node/v4.2.4/lib/node_modules/protractor/node_modules/selenium-webdriver/lib/promise.js:2697:25
From: Task: Run it("Should check the rename success message ") in control flow
    at Object.<anonymous> (/home/user/.nvm/versions/node/v4.2.4/lib/node_modules/protractor/node_modules/jasminewd2/index.js:81:14)
    at attemptAsync (/home/user/.nvm/versions/node/v4.2.4/lib/node_modules/protractor/node_modules/jasmine/node_modules/jasmine-core/lib/jasmine-core/jasmine.js:1916:24)
    at QueueRunner.run (/home/user/.nvm/versions/node/v4.2.4/lib/node_modules/protractor/node_modules/jasmine/node_modules/jasmine-core/lib/jasmine-core/jasmine.js:1871:9)
    at /home/user/.nvm/versions/node/v4.2.4/lib/node_modules/protractor/node_modules/jasmine/node_modules/jasmine-core/lib/jasmine-core/jasmine.js:1898:16
    at /home/user/.nvm/versions/node/v4.2.4/lib/node_modules/protractor/node_modules/jasmine/node_modules/jasmine-core/lib/jasmine-core/jasmine.js:1842:9
    at /home/user/.nvm/versions/node/v4.2.4/lib/node_modules/protractor/node_modules/jasminewd2/index.js:18:5
    at Promise.invokeCallback_ (/home/user/.nvm/versions/node/v4.2.4/lib/node_modules/protractor/node_modules/selenium-webdriver/lib/promise.js:1329:14)
    at TaskQueue.execute_ (/home/user/.nvm/versions/node/v4.2.4/lib/node_modules/protractor/node_modules/selenium-webdriver/lib/promise.js:2790:14)
    at TaskQueue.executeNext_ (/home/user/.nvm/versions/node/v4.2.4/lib/node_modules/protractor/node_modules/selenium-webdriver/lib/promise.js:2773:21)
    at /home/user/.nvm/versions/node/v4.2.4/lib/node_modules/protractor/node_modules/selenium-webdriver/lib/promise.js:2652:27
From asynchronous test: 
Error
    at Suite.<anonymous> (/home/user/inwinStack-S3/github/s3-portal-ui/e2e/file/rename.js:167:5)
    at addSpecsToSuite (/home/user/.nvm/versions/node/v4.2.4/lib/node_modules/protractor/node_modules/jasmine/node_modules/jasmine-core/lib/jasmine-core/jasmine.js:833:25)
    at Env.describe (/home/user/.nvm/versions/node/v4.2.4/lib/node_modules/protractor/node_modules/jasmine/node_modules/jasmine-core/lib/jasmine-core/jasmine.js:802:7)
    at jasmineInterface.describe (/home/user/.nvm/versions/node/v4.2.4/lib/node_modules/protractor/node_modules/jasmine/node_modules/jasmine-core/lib/jasmine-core/jasmine.js:3375:18)
    at Suite.<anonymous> (/home/user/inwinStack-S3/github/s3-portal-ui/e2e/file/rename.js:157:3)
    at addSpecsToSuite (/home/user/.nvm/versions/node/v4.2.4/lib/node_modules/protractor/node_modules/jasmine/node_modules/jasmine-core/lib/jasmine-core/jasmine.js:833:25)
    at Env.describe (/home/user/.nvm/versions/node/v4.2.4/lib/node_modules/protractor/node_modules/jasmine/node_modules/jasmine-core/lib/jasmine-core/jasmine.js:802:7)
    at jasmineInterface.describe (/home/user/.nvm/versions/node/v4.2.4/lib/node_modules/protractor/node_modules/jasmine/node_modules/jasmine-core/lib/jasmine-core/jasmine.js:3375:18)
    at Object.<anonymous> (/home/user/inwinStack-S3/github/s3-portal-ui/e2e/file/rename.js:11:1)]]>
   </failure>
  </testcase>
 </testsuite>
 <testsuite name="File Rename.When user into the file rename form and send other file name " timestamp="2016-08-16T13:50:16" hostname="localhost" time="11.154" errors="0" tests="1" skipped="0" disabled="0" failures="0">
  <testcase classname="File Rename.When user into the file rename form and send other file name " name="Should check the rename error message " time="11.152" />
 </testsuite>
 <testsuite name="File Rename.Clear" timestamp="2016-08-16T13:50:27" hostname="localhost" time="9.166" errors="0" tests="1" skipped="0" disabled="0" failures="0">
  <testcase classname="File Rename.Clear" name="Clear" time="9.166" />
 </testsuite>
 <testsuite name="File List" timestamp="2016-08-16T13:50:36" hostname="localhost" time="9.694" errors="0" tests="0" skipped="0" disabled="0" failures="0">
 </testsuite>
 <testsuite name="File List.When user clicks the bucket : " timestamp="2016-08-16T13:50:36" hostname="localhost" time="6.733" errors="0" tests="1" skipped="0" disabled="0" failures="0">
  <testcase classname="File List.When user clicks the bucket : " name="Should check into the file management page" time="6.733" />
 </testsuite>
 <testsuite name="File List.When user into the file management page but do not have any of the file" timestamp="2016-08-16T13:50:43" hostname="localhost" time="2.961" errors="0" tests="1" skipped="0" disabled="0" failures="0">
  <testcase classname="File List.When user into the file management page but do not have any of the file" name="Should check the [UPLOAD FILE] and [CREATE FOLDER] button is display and enabled and display title" time="2.961" />
 </testsuite>
 <testsuite name="Upload File" timestamp="2016-08-16T13:50:46" hostname="localhost" time="54.833" errors="0" tests="0" skipped="0" disabled="0" failures="0">
 </testsuite>
 <testsuite name="Upload File.When user into the upload file form but the list is empty : " timestamp="2016-08-16T13:50:46" hostname="localhost" time="3.304" errors="0" tests="1" skipped="0" disabled="0" failures="0">
  <testcase classname="Upload File.When user into the upload file form but the list is empty : " name="Should check the [UPLOAD] button is disabled and the number and size of files is 0" time="3.304" />
 </testsuite>
 <testsuite name="Upload File.When user into the upload file form and click [CANCEL] btn : " timestamp="2016-08-16T13:50:49" hostname="localhost" time="4.298" errors="0" tests="1" skipped="0" disabled="0" failures="0">
  <testcase classname="Upload File.When user into the upload file form and click [CANCEL] btn : " name="Should check the upload form is closed" time="4.298" />
 </testsuite>
 <testsuite name="Upload File.When user into the upload file form and click [X] btn : " timestamp="2016-08-16T13:50:54" hostname="localhost" time="4.038" errors="0" tests="1" skipped="0" disabled="0" failures="0">
  <testcase classname="Upload File.When user into the upload file form and click [X] btn : " name="Should check the upload form is closed" time="4.038" />
 </testsuite>
 <testsuite name="Upload File.When user into the upload file form and the list is not empty : " timestamp="2016-08-16T13:50:58" hostname="localhost" time="3.677" errors="0" tests="1" skipped="0" disabled="0" failures="0">
  <testcase classname="Upload File.When user into the upload file form and the list is not empty : " name="Should check the number and size of files is not 0 and the [UPLOAD] button is enabled" time="3.676" />
 </testsuite>
 <testsuite name="Upload File.When user into the upload file form and the list is not empty and click [x] button : " timestamp="2016-08-16T13:51:01" hostname="localhost" time="4.37" errors="0" tests="1" skipped="0" disabled="0" failures="0">
  <testcase classname="Upload File.When user into the upload file form and the list is not empty and click [x] button : " name="Should check the number and size of files is not 0" time="4.37" />
 </testsuite>
 <testsuite name="Upload File.When user has selected file but upload file form off and then turned on : " timestamp="2016-08-16T13:51:06" hostname="localhost" time="5.311" errors="0" tests="1" skipped="0" disabled="0" failures="0">
  <testcase classname="Upload File.When user has selected file but upload file form off and then turned on : " name="Should check the number and size of files is not 0" time="5.311" />
 </testsuite>
 <testsuite name="Upload File.When user successfully uploaded files : " timestamp="2016-08-16T13:51:11" hostname="localhost" time="4.462" errors="0" tests="1" skipped="0" disabled="0" failures="0">
  <testcase classname="Upload File.When user successfully uploaded files : " name="Should check show upload success message and the file exists in the file list" time="4.462" />
 </testsuite>
 <testsuite name="Upload File.When user uploads a file name that already exists : " timestamp="2016-08-16T13:51:15" hostname="localhost" time="7.013" errors="0" tests="1" skipped="0" disabled="0" failures="0">
  <testcase classname="Upload File.When user uploads a file name that already exists : " name="Should check the file overwrite the original file" time="7.013" />
 </testsuite>
 <testsuite name="Upload File.When user attempts to sign out but is being uploaded file : " timestamp="2016-08-16T13:51:23" hostname="localhost" time="5.517" errors="0" tests="1" skipped="0" disabled="0" failures="0">
  <testcase classname="Upload File.When user attempts to sign out but is being uploaded file : " name="Should check whether logout confirmation" time="5.516" />
 </testsuite>
 <testsuite name="Upload File.When user attempts to sign out and clicks the [Stay] button but is being uploaded file : " timestamp="2016-08-16T13:51:28" hostname="localhost" time="6.118" errors="0" tests="1" skipped="0" disabled="0" failures="0">
  <testcase classname="Upload File.When user attempts to sign out and clicks the [Stay] button but is being uploaded file : " name="Should check stay on the current page" time="6.118" />
 </testsuite>
 <testsuite name="Upload File.When user attempts to sign out and clicks the [Leave] button but is being uploaded file : " timestamp="2016-08-16T13:51:34" hostname="localhost" time="6.725" errors="0" tests="1" skipped="0" disabled="0" failures="0">
  <testcase classname="Upload File.When user attempts to sign out and clicks the [Leave] button but is being uploaded file : " name="Should check back to sign in page" time="6.725" />
 </testsuite>
 <testsuite name="Upload File Status" timestamp="2016-08-16T13:51:41" hostname="localhost" time="35.826" errors="0" tests="0" skipped="0" disabled="0" failures="0">
 </testsuite>
 <testsuite name="Upload File Status.When user is uploading files : " timestamp="2016-08-16T13:51:41" hostname="localhost" time="6.554" errors="0" tests="1" skipped="0" disabled="0" failures="0">
  <testcase classname="Upload File Status.When user is uploading files : " name="Should check whether the upload status page" time="6.554" />
 </testsuite>
 <testsuite name="Upload File Status.When user is uploading a file and open the upload status page : " timestamp="2016-08-16T13:51:47" hostname="localhost" time="5.064" errors="0" tests="1" skipped="0" disabled="0" failures="0">
  <testcase classname="Upload File Status.When user is uploading a file and open the upload status page : " name="Should check the display upload file name and upload progress" time="5.064" />
 </testsuite>
 <testsuite name="Upload File Status.When user upload a file is completed and clicks automatically clear : " timestamp="2016-08-16T13:51:52" hostname="localhost" time="6.108" errors="0" tests="1" skipped="0" disabled="0" failures="0">
  <testcase classname="Upload File Status.When user upload a file is completed and clicks automatically clear : " name="Should check clear file upload is complete" time="6.108" />
 </testsuite>
 <testsuite name="Upload File Status.When user is uploading a file and open the upload status page to interrupt upload: " timestamp="2016-08-16T13:51:59" hostname="localhost" time="5.769" errors="0" tests="1" skipped="0" disabled="0" failures="0">
  <testcase classname="Upload File Status.When user is uploading a file and open the upload status page to interrupt upload: " name="Should check the upload interrupt form is displayed" time="5.769" />
 </testsuite>
 <testsuite name="Upload File Status.When user is uploading a file and click interrupt upload button but click [CANCEL]: " timestamp="2016-08-16T13:52:04" hostname="localhost" time="6.098" errors="0" tests="1" skipped="0" disabled="0" failures="0">
  <testcase classname="Upload File Status.When user is uploading a file and click interrupt upload button but click [CANCEL]: " name="Should check the disabled upload progress" time="6.098" />
 </testsuite>
 <testsuite name="Upload File Status.When user is uploading a file and click interrupt upload button and click [delete]: " timestamp="2016-08-16T13:52:10" hostname="localhost" time="6.233" errors="0" tests="1" skipped="0" disabled="0" failures="0">
  <testcase classname="Upload File Status.When user is uploading a file and click interrupt upload button and click [delete]: " name="Should check the disabled upload progress" time="6.233" />
 </testsuite>
 <testsuite name="Download File" timestamp="2016-08-16T13:52:17" hostname="localhost" time="15.836" errors="0" tests="0" skipped="0" disabled="0" failures="0">
 </testsuite>
 <testsuite name="Download File.When user wants to download the file but not yet selected : " timestamp="2016-08-16T13:52:17" hostname="localhost" time="3.24" errors="0" tests="1" skipped="0" disabled="0" failures="0">
  <testcase classname="Download File.When user wants to download the file but not yet selected : " name="Should check the [Download] button is disabled" time="3.238" />
 </testsuite>
 <testsuite name="Download File.When the user wants to download files but select multiple files : " timestamp="2016-08-16T13:52:20" hostname="localhost" time="8.622" errors="0" tests="1" skipped="0" disabled="0" failures="0">
  <testcase classname="Download File.When the user wants to download files but select multiple files : " name="Should check the [Download] button is disabled" time="8.621" />
 </testsuite>
 <testsuite name="Download File.When the user wants to download the file and select a file only : " timestamp="2016-08-16T13:52:29" hostname="localhost" time="3.974" errors="0" tests="1" skipped="0" disabled="0" failures="0">
  <testcase classname="Download File.When the user wants to download the file and select a file only : " name="Should check the [Download] button is enabled" time="3.973" />
 </testsuite>
 <testsuite name="Delete File" timestamp="2016-08-16T13:52:33" hostname="localhost" time="18.674" errors="0" tests="0" skipped="0" disabled="0" failures="0">
 </testsuite>
 <testsuite name="Delete File.When user does not select any of the file : " timestamp="2016-08-16T13:52:33" hostname="localhost" time="3.406" errors="0" tests="1" skipped="0" disabled="0" failures="0">
  <testcase classname="Delete File.When user does not select any of the file : " name="Should check the [Delete] button is disabled" time="3.406" />
 </testsuite>
 <testsuite name="Delete File.When user selects a file to be deleted : " timestamp="2016-08-16T13:52:36" hostname="localhost" time="4" errors="0" tests="1" skipped="0" disabled="0" failures="0">
  <testcase classname="Delete File.When user selects a file to be deleted : " name="Should check the [Delete] button is enabled" time="4" />
 </testsuite>
 <testsuite name="Delete File.When the user selects multiple files to be deleted : " timestamp="2016-08-16T13:52:40" hostname="localhost" time="4.656" errors="0" tests="1" skipped="0" disabled="0" failures="0">
  <testcase classname="Delete File.When the user selects multiple files to be deleted : " name="Should check the [Delete] button is enabled" time="4.656" />
 </testsuite>
 <testsuite name="Delete File.When the user selects multiple files to be deleted and clicks the [Delete] : " timestamp="2016-08-16T13:52:45" hostname="localhost" time="6.612" errors="0" tests="1" skipped="0" disabled="0" failures="1">
  <testcase classname="Delete File.When the user selects multiple files to be deleted and clicks the [Delete] : " name="Should check show delete file success message and files has been deleted" time="6.612">
   <failure type="exception" message="Failed: No element found using locator: By(css selector, [class=&quot;ng-binding flex&quot;])"><![CDATA[NoSuchElementError: No element found using locator: By(css selector, [class="ng-binding flex"])
    at WebDriverError (/home/user/.nvm/versions/node/v4.2.4/lib/node_modules/protractor/node_modules/selenium-webdriver/error.js:27:10)
    at NoSuchElementError (/home/user/.nvm/versions/node/v4.2.4/lib/node_modules/protractor/node_modules/selenium-webdriver/error.js:230:10)
    at /home/user/.nvm/versions/node/v4.2.4/lib/node_modules/protractor/built/element.js:662:27
    at Promise.invokeCallback_ (/home/user/.nvm/versions/node/v4.2.4/lib/node_modules/protractor/node_modules/selenium-webdriver/lib/promise.js:1329:14)
    at TaskQueue.execute_ (/home/user/.nvm/versions/node/v4.2.4/lib/node_modules/protractor/node_modules/selenium-webdriver/lib/promise.js:2790:14)
    at TaskQueue.executeNext_ (/home/user/.nvm/versions/node/v4.2.4/lib/node_modules/protractor/node_modules/selenium-webdriver/lib/promise.js:2773:21)
    at /home/user/.nvm/versions/node/v4.2.4/lib/node_modules/protractor/node_modules/selenium-webdriver/lib/promise.js:2652:27
    at /home/user/.nvm/versions/node/v4.2.4/lib/node_modules/protractor/node_modules/selenium-webdriver/lib/promise.js:639:7
    at process._tickCallback (node.js:368:9)
Error
    at ElementArrayFinder.applyAction_ (/home/user/.nvm/versions/node/v4.2.4/lib/node_modules/protractor/built/element.js:371:27)
    at ElementArrayFinder._this.(anonymous function) [as isDisplayed] (/home/user/.nvm/versions/node/v4.2.4/lib/node_modules/protractor/built/element.js:83:30)
    at ElementFinder._this.(anonymous function) [as isDisplayed] (/home/user/.nvm/versions/node/v4.2.4/lib/node_modules/protractor/built/element.js:685:22)
    at Object.<anonymous> (/home/user/inwinStack-S3/github/s3-portal-ui/e2e/file/delete.js:70:30)
    at /home/user/.nvm/versions/node/v4.2.4/lib/node_modules/protractor/node_modules/jasminewd2/index.js:96:23
    at new Promise (/home/user/.nvm/versions/node/v4.2.4/lib/node_modules/protractor/node_modules/selenium-webdriver/lib/promise.js:1043:7)
    at controlFlowExecute (/home/user/.nvm/versions/node/v4.2.4/lib/node_modules/protractor/node_modules/jasminewd2/index.js:82:18)
    at TaskQueue.execute_ (/home/user/.nvm/versions/node/v4.2.4/lib/node_modules/protractor/node_modules/selenium-webdriver/lib/promise.js:2790:14)
    at TaskQueue.executeNext_ (/home/user/.nvm/versions/node/v4.2.4/lib/node_modules/protractor/node_modules/selenium-webdriver/lib/promise.js:2773:21)
    at /home/user/.nvm/versions/node/v4.2.4/lib/node_modules/protractor/node_modules/selenium-webdriver/lib/promise.js:2697:25
From: Task: Run it("Should check show delete file success message and files has been deleted") in control flow
    at Object.<anonymous> (/home/user/.nvm/versions/node/v4.2.4/lib/node_modules/protractor/node_modules/jasminewd2/index.js:81:14)
    at attemptAsync (/home/user/.nvm/versions/node/v4.2.4/lib/node_modules/protractor/node_modules/jasmine/node_modules/jasmine-core/lib/jasmine-core/jasmine.js:1916:24)
    at QueueRunner.run (/home/user/.nvm/versions/node/v4.2.4/lib/node_modules/protractor/node_modules/jasmine/node_modules/jasmine-core/lib/jasmine-core/jasmine.js:1871:9)
    at /home/user/.nvm/versions/node/v4.2.4/lib/node_modules/protractor/node_modules/jasmine/node_modules/jasmine-core/lib/jasmine-core/jasmine.js:1898:16
    at /home/user/.nvm/versions/node/v4.2.4/lib/node_modules/protractor/node_modules/jasmine/node_modules/jasmine-core/lib/jasmine-core/jasmine.js:1842:9
    at /home/user/.nvm/versions/node/v4.2.4/lib/node_modules/protractor/node_modules/jasminewd2/index.js:18:5
    at Promise.invokeCallback_ (/home/user/.nvm/versions/node/v4.2.4/lib/node_modules/protractor/node_modules/selenium-webdriver/lib/promise.js:1329:14)
    at TaskQueue.execute_ (/home/user/.nvm/versions/node/v4.2.4/lib/node_modules/protractor/node_modules/selenium-webdriver/lib/promise.js:2790:14)
    at TaskQueue.executeNext_ (/home/user/.nvm/versions/node/v4.2.4/lib/node_modules/protractor/node_modules/selenium-webdriver/lib/promise.js:2773:21)
    at /home/user/.nvm/versions/node/v4.2.4/lib/node_modules/protractor/node_modules/selenium-webdriver/lib/promise.js:2652:27
From asynchronous test: 
Error
    at Suite.<anonymous> (/home/user/inwinStack-S3/github/s3-portal-ui/e2e/file/delete.js:67:5)
    at addSpecsToSuite (/home/user/.nvm/versions/node/v4.2.4/lib/node_modules/protractor/node_modules/jasmine/node_modules/jasmine-core/lib/jasmine-core/jasmine.js:833:25)
    at Env.describe (/home/user/.nvm/versions/node/v4.2.4/lib/node_modules/protractor/node_modules/jasmine/node_modules/jasmine-core/lib/jasmine-core/jasmine.js:802:7)
    at jasmineInterface.describe (/home/user/.nvm/versions/node/v4.2.4/lib/node_modules/protractor/node_modules/jasmine/node_modules/jasmine-core/lib/jasmine-core/jasmine.js:3375:18)
    at Suite.<anonymous> (/home/user/inwinStack-S3/github/s3-portal-ui/e2e/file/delete.js:58:3)
    at addSpecsToSuite (/home/user/.nvm/versions/node/v4.2.4/lib/node_modules/protractor/node_modules/jasmine/node_modules/jasmine-core/lib/jasmine-core/jasmine.js:833:25)
    at Env.describe (/home/user/.nvm/versions/node/v4.2.4/lib/node_modules/protractor/node_modules/jasmine/node_modules/jasmine-core/lib/jasmine-core/jasmine.js:802:7)
    at jasmineInterface.describe (/home/user/.nvm/versions/node/v4.2.4/lib/node_modules/protractor/node_modules/jasmine/node_modules/jasmine-core/lib/jasmine-core/jasmine.js:3375:18)
    at Object.<anonymous> (/home/user/inwinStack-S3/github/s3-portal-ui/e2e/file/delete.js:9:1)]]>
   </failure>
  </testcase>
 </testsuite>
 <testsuite name="File Translation" timestamp="2016-08-16T13:52:51" hostname="localhost" time="257.455" errors="0" tests="0" skipped="0" disabled="0" failures="0">
 </testsuite>
 <testsuite name="File Translation.When user into the file management page and selects the Traditional Chinese language : " timestamp="2016-08-16T13:52:51" hostname="localhost" time="4.71" errors="0" tests="1" skipped="0" disabled="0" failures="0">
  <testcase classname="File Translation.When user into the file management page and selects the Traditional Chinese language : " name="Should check every elements using the right language" time="4.71" />
 </testsuite>
 <testsuite name="File Translation.When user into the upload file form and selects the Traditional Chinese language : " timestamp="2016-08-16T13:52:56" hostname="localhost" time="6.104" errors="0" tests="1" skipped="0" disabled="0" failures="0">
  <testcase classname="File Translation.When user into the upload file form and selects the Traditional Chinese language : " name="Should check every elements using the right language" time="6.104" />
 </testsuite>
 <testsuite name="File Translation.When user successfully uploaded files and selects the Traditional Chinese language : " timestamp="2016-08-16T13:53:02" hostname="localhost" time="10.041" errors="0" tests="1" skipped="0" disabled="0" failures="0">
  <testcase classname="File Translation.When user successfully uploaded files and selects the Traditional Chinese language : " name="Should check every elements using the right language" time="10.04" />
 </testsuite>
 <testsuite name="File Translation.When user select rename files and selects the Traditional Chinese language : " timestamp="2016-08-16T13:53:12" hostname="localhost" time="7.318" errors="0" tests="1" skipped="0" disabled="0" failures="0">
  <testcase classname="File Translation.When user select rename files and selects the Traditional Chinese language : " name="Should check every elements using the right language" time="7.318" />
 </testsuite>
 <testsuite name="File Translation.When user select rename files  send same name and selects the Traditional Chinese language : " timestamp="2016-08-16T13:53:19" hostname="localhost" time="10.391" errors="0" tests="1" skipped="0" disabled="0" failures="0">
  <testcase classname="File Translation.When user select rename files  send same name and selects the Traditional Chinese language : " name="Should check every elements using the right language" time="10.391" />
 </testsuite>
 <testsuite name="File Translation.When user select rename files  send new name and selects the Traditional Chinese language : " timestamp="2016-08-16T13:53:30" hostname="localhost" time="7.974" errors="0" tests="1" skipped="0" disabled="0" failures="0">
  <testcase classname="File Translation.When user select rename files  send new name and selects the Traditional Chinese language : " name="Should check every elements using the right language" time="7.973" />
 </testsuite>
 <testsuite name="File Translation.When user click properties and selects the Traditional Chinese language : " timestamp="2016-08-16T13:53:38" hostname="localhost" time="5.459" errors="0" tests="1" skipped="0" disabled="0" failures="0">
  <testcase classname="File Translation.When user click properties and selects the Traditional Chinese language : " name="Should check every elements using the right language" time="5.459" />
 </testsuite>
 <testsuite name="File Translation.When user selects a file to be deleted and selects the Traditional Chinese language : " timestamp="2016-08-16T13:53:43" hostname="localhost" time="7.69" errors="0" tests="1" skipped="0" disabled="0" failures="0">
  <testcase classname="File Translation.When user selects a file to be deleted and selects the Traditional Chinese language : " name="Should check every elements using the right language" time="7.686" />
 </testsuite>
 <testsuite name="File Translation.When user upload file and selects the Traditional Chinese language : " timestamp="2016-08-16T13:53:51" hostname="localhost" time="6.805" errors="0" tests="1" skipped="0" disabled="0" failures="0">
  <testcase classname="File Translation.When user upload file and selects the Traditional Chinese language : " name="Should check cancel elements using the right language" time="6.805" />
 </testsuite>
 <testsuite name="File Translation.When user click interrupt upload file  button and selects the Traditional Chinese language : " timestamp="2016-08-16T13:53:58" hostname="localhost" time="7.997" errors="0" tests="1" skipped="0" disabled="0" failures="0">
  <testcase classname="File Translation.When user click interrupt upload file  button and selects the Traditional Chinese language : " name="Should check every elements using the right language" time="7.997" />
 </testsuite>
 <testsuite name="File Translation.When user interrupt success upload file  button and selects the Traditional Chinese language : " timestamp="2016-08-16T13:54:06" hostname="localhost" time="10.948" errors="0" tests="1" skipped="0" disabled="0" failures="0">
  <testcase classname="File Translation.When user interrupt success upload file  button and selects the Traditional Chinese language : " name="Should check every elements using the right language" time="10.948" />
 </testsuite>
 <testsuite name="File Translation.When user into the file management page and selects the Simplified Chinese language : " timestamp="2016-08-16T13:54:17" hostname="localhost" time="4.909" errors="0" tests="1" skipped="0" disabled="0" failures="0">
  <testcase classname="File Translation.When user into the file management page and selects the Simplified Chinese language : " name="Should check every elements using the right language" time="4.909" />
 </testsuite>
 <testsuite name="File Translation.When user into the upload file form and selects the Simplified Chinese language : " timestamp="2016-08-16T13:54:22" hostname="localhost" time="5.211" errors="0" tests="1" skipped="0" disabled="0" failures="0">
  <testcase classname="File Translation.When user into the upload file form and selects the Simplified Chinese language : " name="Should check every elements using the right language" time="5.209" />
 </testsuite>
 <testsuite name="File Translation.When user successfully uploaded files and selects the Simplified Chinese language : " timestamp="2016-08-16T13:54:27" hostname="localhost" time="10.092" errors="0" tests="1" skipped="0" disabled="0" failures="0">
  <testcase classname="File Translation.When user successfully uploaded files and selects the Simplified Chinese language : " name="Should check every elements using the right language" time="10.092" />
 </testsuite>
 <testsuite name="File Translation.When user select rename files and selects the Simplified Chinese language : " timestamp="2016-08-16T13:54:37" hostname="localhost" time="6.997" errors="0" tests="1" skipped="0" disabled="0" failures="0">
  <testcase classname="File Translation.When user select rename files and selects the Simplified Chinese language : " name="Should check every elements using the right language" time="6.997" />
 </testsuite>
 <testsuite name="File Translation.When user select rename files  send same name and selects the Simplified Chinese language : " timestamp="2016-08-16T13:54:44" hostname="localhost" time="10.128" errors="0" tests="1" skipped="0" disabled="0" failures="0">
  <testcase classname="File Translation.When user select rename files  send same name and selects the Simplified Chinese language : " name="Should check every elements using the right language" time="10.127" />
 </testsuite>
 <testsuite name="File Translation.When user select rename files  send new name and selects the Simplified Chinese language : " timestamp="2016-08-16T13:54:54" hostname="localhost" time="7.777" errors="0" tests="1" skipped="0" disabled="0" failures="0">
  <testcase classname="File Translation.When user select rename files  send new name and selects the Simplified Chinese language : " name="Should check every elements using the right language" time="7.777" />
 </testsuite>
 <testsuite name="File Translation.When user click properties and selects the Simplified Chinese language : " timestamp="2016-08-16T13:55:02" hostname="localhost" time="4.591" errors="0" tests="1" skipped="0" disabled="0" failures="0">
  <testcase classname="File Translation.When user click properties and selects the Simplified Chinese language : " name="Should check every elements using the right language" time="4.59" />
 </testsuite>
 <testsuite name="File Translation.When user selects a file to be deleted and selects the Simplified Chinese language : " timestamp="2016-08-16T13:55:06" hostname="localhost" time="7.488" errors="0" tests="1" skipped="0" disabled="0" failures="0">
  <testcase classname="File Translation.When user selects a file to be deleted and selects the Simplified Chinese language : " name="Should check every elements using the right language" time="7.488" />
 </testsuite>
 <testsuite name="File Translation.When user upload file and selects the Simplified Chinese language : " timestamp="2016-08-16T13:55:14" hostname="localhost" time="6.639" errors="0" tests="1" skipped="0" disabled="0" failures="0">
  <testcase classname="File Translation.When user upload file and selects the Simplified Chinese language : " name="Should check cancel elements using the right language" time="6.639" />
 </testsuite>
 <testsuite name="File Translation.When user click interrupt upload file  button and selects the Simplified Chinese language : " timestamp="2016-08-16T13:55:20" hostname="localhost" time="7.415" errors="0" tests="1" skipped="0" disabled="0" failures="0">
  <testcase classname="File Translation.When user click interrupt upload file  button and selects the Simplified Chinese language : " name="Should check every elements using the right language" time="7.415" />
 </testsuite>
 <testsuite name="File Translation.When user interrupt success upload file  button and selects the Simplified Chinese language : " timestamp="2016-08-16T13:55:28" hostname="localhost" time="10.852" errors="0" tests="1" skipped="0" disabled="0" failures="0">
  <testcase classname="File Translation.When user interrupt success upload file  button and selects the Simplified Chinese language : " name="Should check every elements using the right language" time="10.852" />
 </testsuite>
 <testsuite name="File Translation.When user into the file management page and selects the English language : " timestamp="2016-08-16T13:55:39" hostname="localhost" time="4.886" errors="0" tests="1" skipped="0" disabled="0" failures="0">
  <testcase classname="File Translation.When user into the file management page and selects the English language : " name="Should check every elements using the right language" time="4.884" />
 </testsuite>
 <testsuite name="File Translation.When user into the upload file form and selects the English language : " timestamp="2016-08-16T13:55:44" hostname="localhost" time="6.217" errors="0" tests="1" skipped="0" disabled="0" failures="0">
  <testcase classname="File Translation.When user into the upload file form and selects the English language : " name="Should check every elements using the right language" time="6.217" />
 </testsuite>
 <testsuite name="File Translation.When user successfully uploaded files and selects the English language : " timestamp="2016-08-16T13:55:50" hostname="localhost" time="10.531" errors="0" tests="1" skipped="0" disabled="0" failures="0">
  <testcase classname="File Translation.When user successfully uploaded files and selects the English language : " name="Should check every elements using the right language" time="10.527" />
 </testsuite>
 <testsuite name="File Translation.When user select rename files and selects the English language : " timestamp="2016-08-16T13:56:00" hostname="localhost" time="7.513" errors="0" tests="1" skipped="0" disabled="0" failures="0">
  <testcase classname="File Translation.When user select rename files and selects the English language : " name="Should check every elements using the right language" time="7.513" />
 </testsuite>
 <testsuite name="File Translation.When user select rename files  send same name and selects the English language : " timestamp="2016-08-16T13:56:08" hostname="localhost" time="10.69" errors="0" tests="1" skipped="0" disabled="0" failures="0">
  <testcase classname="File Translation.When user select rename files  send same name and selects the English language : " name="Should check every elements using the right language" time="10.689" />
 </testsuite>
 <testsuite name="File Translation.When user select rename files  send new name and selects the English language : " timestamp="2016-08-16T13:56:19" hostname="localhost" time="8.437" errors="0" tests="1" skipped="0" disabled="0" failures="0">
  <testcase classname="File Translation.When user select rename files  send new name and selects the English language : " name="Should check every elements using the right language" time="8.436" />
 </testsuite>
 <testsuite name="File Translation.When user click properties and selects the English language : " timestamp="2016-08-16T13:56:27" hostname="localhost" time="5.073" errors="0" tests="1" skipped="0" disabled="0" failures="0">
  <testcase classname="File Translation.When user click properties and selects the English language : " name="Should check every elements using the right language" time="5.068" />
 </testsuite>
 <testsuite name="File Translation.When user selects a file to be deleted and selects the English language : " timestamp="2016-08-16T13:56:32" hostname="localhost" time="8.481" errors="0" tests="1" skipped="0" disabled="0" failures="1">
  <testcase classname="File Translation.When user selects a file to be deleted and selects the English language : " name="Should check every elements using the right language" time="8.481">
   <failure type="exception" message="Failed: No element found using locator: By(css selector, [class=&quot;ng-binding flex&quot;])"><![CDATA[NoSuchElementError: No element found using locator: By(css selector, [class="ng-binding flex"])
    at WebDriverError (/home/user/.nvm/versions/node/v4.2.4/lib/node_modules/protractor/node_modules/selenium-webdriver/error.js:27:10)
    at NoSuchElementError (/home/user/.nvm/versions/node/v4.2.4/lib/node_modules/protractor/node_modules/selenium-webdriver/error.js:230:10)
    at /home/user/.nvm/versions/node/v4.2.4/lib/node_modules/protractor/built/element.js:662:27
    at Promise.invokeCallback_ (/home/user/.nvm/versions/node/v4.2.4/lib/node_modules/protractor/node_modules/selenium-webdriver/lib/promise.js:1329:14)
    at TaskQueue.execute_ (/home/user/.nvm/versions/node/v4.2.4/lib/node_modules/protractor/node_modules/selenium-webdriver/lib/promise.js:2790:14)
    at TaskQueue.executeNext_ (/home/user/.nvm/versions/node/v4.2.4/lib/node_modules/protractor/node_modules/selenium-webdriver/lib/promise.js:2773:21)
    at /home/user/.nvm/versions/node/v4.2.4/lib/node_modules/protractor/node_modules/selenium-webdriver/lib/promise.js:2652:27
    at /home/user/.nvm/versions/node/v4.2.4/lib/node_modules/protractor/node_modules/selenium-webdriver/lib/promise.js:639:7
    at process._tickCallback (node.js:368:9)
Error
    at ElementArrayFinder.applyAction_ (/home/user/.nvm/versions/node/v4.2.4/lib/node_modules/protractor/built/element.js:371:27)
    at ElementArrayFinder._this.(anonymous function) [as getText] (/home/user/.nvm/versions/node/v4.2.4/lib/node_modules/protractor/built/element.js:83:30)
    at ElementFinder._this.(anonymous function) [as getText] (/home/user/.nvm/versions/node/v4.2.4/lib/node_modules/protractor/built/element.js:685:22)
    at Object.<anonymous> (/home/user/inwinStack-S3/github/s3-portal-ui/e2e/file/translation.js:605:30)
    at /home/user/.nvm/versions/node/v4.2.4/lib/node_modules/protractor/node_modules/jasminewd2/index.js:96:23
    at new Promise (/home/user/.nvm/versions/node/v4.2.4/lib/node_modules/protractor/node_modules/selenium-webdriver/lib/promise.js:1043:7)
    at controlFlowExecute (/home/user/.nvm/versions/node/v4.2.4/lib/node_modules/protractor/node_modules/jasminewd2/index.js:82:18)
    at TaskQueue.execute_ (/home/user/.nvm/versions/node/v4.2.4/lib/node_modules/protractor/node_modules/selenium-webdriver/lib/promise.js:2790:14)
    at TaskQueue.executeNext_ (/home/user/.nvm/versions/node/v4.2.4/lib/node_modules/protractor/node_modules/selenium-webdriver/lib/promise.js:2773:21)
    at /home/user/.nvm/versions/node/v4.2.4/lib/node_modules/protractor/node_modules/selenium-webdriver/lib/promise.js:2697:25
From: Task: Run it("Should check every elements using the right language") in control flow
    at Object.<anonymous> (/home/user/.nvm/versions/node/v4.2.4/lib/node_modules/protractor/node_modules/jasminewd2/index.js:81:14)
    at attemptAsync (/home/user/.nvm/versions/node/v4.2.4/lib/node_modules/protractor/node_modules/jasmine/node_modules/jasmine-core/lib/jasmine-core/jasmine.js:1916:24)
    at QueueRunner.run (/home/user/.nvm/versions/node/v4.2.4/lib/node_modules/protractor/node_modules/jasmine/node_modules/jasmine-core/lib/jasmine-core/jasmine.js:1871:9)
    at /home/user/.nvm/versions/node/v4.2.4/lib/node_modules/protractor/node_modules/jasmine/node_modules/jasmine-core/lib/jasmine-core/jasmine.js:1898:16
    at /home/user/.nvm/versions/node/v4.2.4/lib/node_modules/protractor/node_modules/jasmine/node_modules/jasmine-core/lib/jasmine-core/jasmine.js:1842:9
    at /home/user/.nvm/versions/node/v4.2.4/lib/node_modules/protractor/node_modules/jasminewd2/index.js:18:5
    at Promise.invokeCallback_ (/home/user/.nvm/versions/node/v4.2.4/lib/node_modules/protractor/node_modules/selenium-webdriver/lib/promise.js:1329:14)
    at TaskQueue.execute_ (/home/user/.nvm/versions/node/v4.2.4/lib/node_modules/protractor/node_modules/selenium-webdriver/lib/promise.js:2790:14)
    at TaskQueue.executeNext_ (/home/user/.nvm/versions/node/v4.2.4/lib/node_modules/protractor/node_modules/selenium-webdriver/lib/promise.js:2773:21)
    at /home/user/.nvm/versions/node/v4.2.4/lib/node_modules/protractor/node_modules/selenium-webdriver/lib/promise.js:2652:27
From asynchronous test: 
Error
    at Suite.<anonymous> (/home/user/inwinStack-S3/github/s3-portal-ui/e2e/file/translation.js:602:5)
    at addSpecsToSuite (/home/user/.nvm/versions/node/v4.2.4/lib/node_modules/protractor/node_modules/jasmine/node_modules/jasmine-core/lib/jasmine-core/jasmine.js:833:25)
    at Env.describe (/home/user/.nvm/versions/node/v4.2.4/lib/node_modules/protractor/node_modules/jasmine/node_modules/jasmine-core/lib/jasmine-core/jasmine.js:802:7)
    at jasmineInterface.describe (/home/user/.nvm/versions/node/v4.2.4/lib/node_modules/protractor/node_modules/jasmine/node_modules/jasmine-core/lib/jasmine-core/jasmine.js:3375:18)
    at Suite.<anonymous> (/home/user/inwinStack-S3/github/s3-portal-ui/e2e/file/translation.js:592:3)
    at addSpecsToSuite (/home/user/.nvm/versions/node/v4.2.4/lib/node_modules/protractor/node_modules/jasmine/node_modules/jasmine-core/lib/jasmine-core/jasmine.js:833:25)
    at Env.describe (/home/user/.nvm/versions/node/v4.2.4/lib/node_modules/protractor/node_modules/jasmine/node_modules/jasmine-core/lib/jasmine-core/jasmine.js:802:7)
    at jasmineInterface.describe (/home/user/.nvm/versions/node/v4.2.4/lib/node_modules/protractor/node_modules/jasmine/node_modules/jasmine-core/lib/jasmine-core/jasmine.js:3375:18)
    at Object.<anonymous> (/home/user/inwinStack-S3/github/s3-portal-ui/e2e/file/translation.js:11:1)]]>
   </failure>
  </testcase>
 </testsuite>
 <testsuite name="File Translation.When user upload file and selects the English language : " timestamp="2016-08-16T13:56:41" hostname="localhost" time="6.403" errors="0" tests="1" skipped="0" disabled="0" failures="0">
  <testcase classname="File Translation.When user upload file and selects the English language : " name="Should check cancel elements using the right language" time="6.402" />
 </testsuite>
 <testsuite name="File Translation.When user click interrupt upload file  button and selects the English language : " timestamp="2016-08-16T13:56:47" hostname="localhost" time="7.644" errors="0" tests="1" skipped="0" disabled="0" failures="0">
  <testcase classname="File Translation.When user click interrupt upload file  button and selects the English language : " name="Should check every elements using the right language" time="7.644" />
 </testsuite>
 <testsuite name="File Translation.When user interrupt success upload file  button and selects the English language : " timestamp="2016-08-16T13:56:55" hostname="localhost" time="10.597" errors="0" tests="1" skipped="0" disabled="0" failures="0">
  <testcase classname="File Translation.When user interrupt success upload file  button and selects the English language : " name="Should check every elements using the right language" time="10.596" />
 </testsuite>
 <testsuite name="File Translation.When user click the [Sign Out] : " timestamp="2016-08-16T13:57:05" hostname="localhost" time="3.446" errors="0" tests="1" skipped="0" disabled="0" failures="0">
  <testcase classname="File Translation.When user click the [Sign Out] : " name="Clear" time="3.446" />
 </testsuite>
 <testsuite name="Create Folder" timestamp="2016-08-16T13:57:09" hostname="localhost" time="43.435" errors="0" tests="0" skipped="0" disabled="0" failures="0">
 </testsuite>
 <testsuite name="Create Folder.When user clicks the [Create folder] button : " timestamp="2016-08-16T13:57:09" hostname="localhost" time="6.508" errors="0" tests="1" skipped="0" disabled="0" failures="0">
  <testcase classname="Create Folder.When user clicks the [Create folder] button : " name="Should check the display to create folder form" time="6.508" />
 </testsuite>
 <testsuite name="Create Folder.When user clicks the [Action] and select the [Create folder] button : " timestamp="2016-08-16T13:57:15" hostname="localhost" time="4.13" errors="0" tests="1" skipped="0" disabled="0" failures="0">
  <testcase classname="Create Folder.When user clicks the [Action] and select the [Create folder] button : " name="Should check the display to create folder form" time="4.13" />
 </testsuite>
 <testsuite name="Create Folder.When user opens the form create a folder : " timestamp="2016-08-16T13:57:19" hostname="localhost" time="3.378" errors="0" tests="1" skipped="0" disabled="0" failures="0">
  <testcase classname="Create Folder.When user opens the form create a folder : " name="Should check the [Create] is enabled" time="3.378" />
 </testsuite>
 <testsuite name="Create Folder.When user opens the form create a folder and clicks the [Cancel] button : " timestamp="2016-08-16T13:57:23" hostname="localhost" time="3.971" errors="0" tests="1" skipped="0" disabled="0" failures="0">
  <testcase classname="Create Folder.When user opens the form create a folder and clicks the [Cancel] button : " name="Should check create folders form has been closed" time="3.971" />
 </testsuite>
 <testsuite name="Create Folder.When user opens the form create a folder and clicks the [x] button : " timestamp="2016-08-16T13:57:27" hostname="localhost" time="3.854" errors="0" tests="1" skipped="0" disabled="0" failures="0">
  <testcase classname="Create Folder.When user opens the form create a folder and clicks the [x] button : " name="Should check create folders form has been closed" time="3.854" />
 </testsuite>
 <testsuite name="Create Folder.When user inputs a name for the folder does not exist and clicks the [Create] button : " timestamp="2016-08-16T13:57:31" hostname="localhost" time="6.892" errors="0" tests="1" skipped="0" disabled="0" failures="0">
  <testcase classname="Create Folder.When user inputs a name for the folder does not exist and clicks the [Create] button : " name="Should check show create folder success message and the folder name exists in the list" time="6.892" />
 </testsuite>
 <testsuite name="Create Folder.When user inputs the name of an existing folder : " timestamp="2016-08-16T13:57:37" hostname="localhost" time="6.954" errors="0" tests="1" skipped="0" disabled="0" failures="0">
  <testcase classname="Create Folder.When user inputs the name of an existing folder : " name="Should check the show message folder already exists" time="6.954" />
 </testsuite>
 <testsuite name="Create Folder.When user has to create a new folder : " timestamp="2016-08-16T13:57:44" hostname="localhost" time="2.502" errors="0" tests="1" skipped="0" disabled="0" failures="0">
  <testcase classname="Create Folder.When user has to create a new folder : " name="Should check sort situation" time="2.502" />
 </testsuite>
 <testsuite name="Create Folder.Clear folder" timestamp="2016-08-16T13:57:47" hostname="localhost" time="5.246" errors="0" tests="1" skipped="0" disabled="0" failures="0">
  <testcase classname="Create Folder.Clear folder" name="Should clear folder" time="5.246" />
 </testsuite>
 <testsuite name="Folder Translation" timestamp="2016-08-16T13:57:52" hostname="localhost" time="96.502" errors="0" tests="0" skipped="0" disabled="0" failures="0">
 </testsuite>
 <testsuite name="Folder Translation.When user opens the create folder form and selects the Traditional Chinese language: " timestamp="2016-08-16T13:57:52" hostname="localhost" time="5.429" errors="0" tests="1" skipped="0" disabled="0" failures="0">
  <testcase classname="Folder Translation.When user opens the create folder form and selects the Traditional Chinese language: " name="Should check every elements using the right language" time="5.429" />
 </testsuite>
 <testsuite name="Folder Translation.When user create folder and selects the Traditional Chinese language: " timestamp="2016-08-16T13:57:58" hostname="localhost" time="6.575" errors="0" tests="1" skipped="0" disabled="0" failures="0">
  <testcase classname="Folder Translation.When user create folder and selects the Traditional Chinese language: " name="Should check every elements using the right language" time="6.575" />
 </testsuite>
 <testsuite name="Folder Translation.When user create folder input isExist name and selects the Traditional Chinese language: " timestamp="2016-08-16T13:58:04" hostname="localhost" time="6.504" errors="0" tests="1" skipped="0" disabled="0" failures="0">
  <testcase classname="Folder Translation.When user create folder input isExist name and selects the Traditional Chinese language: " name="Should check every elements using the right language" time="6.504" />
 </testsuite>
 <testsuite name="Folder Translation.When user opens the create folder form and selects the Simplified Chinese language: " timestamp="2016-08-16T13:58:11" hostname="localhost" time="5.177" errors="0" tests="1" skipped="0" disabled="0" failures="0">
  <testcase classname="Folder Translation.When user opens the create folder form and selects the Simplified Chinese language: " name="Should check every elements using the right language" time="5.177" />
 </testsuite>
 <testsuite name="Folder Translation.When user create folder and selects the Simplified Chinese language: " timestamp="2016-08-16T13:58:16" hostname="localhost" time="6.125" errors="0" tests="1" skipped="0" disabled="0" failures="0">
  <testcase classname="Folder Translation.When user create folder and selects the Simplified Chinese language: " name="Should check every elements using the right language" time="6.125" />
 </testsuite>
 <testsuite name="Folder Translation.When user create folder input isExist name and selects the Simplified Chinese language: " timestamp="2016-08-16T13:58:22" hostname="localhost" time="6.414" errors="0" tests="1" skipped="0" disabled="0" failures="0">
  <testcase classname="Folder Translation.When user create folder input isExist name and selects the Simplified Chinese language: " name="Should check every elements using the right language" time="6.414" />
 </testsuite>
 <testsuite name="Folder Translation.When user opens the create folder form and selects the English language: " timestamp="2016-08-16T13:58:28" hostname="localhost" time="5.229" errors="0" tests="1" skipped="0" disabled="0" failures="0">
  <testcase classname="Folder Translation.When user opens the create folder form and selects the English language: " name="Should check every elements using the right language" time="5.228" />
 </testsuite>
 <testsuite name="Folder Translation.When user create folder and selects the English language: " timestamp="2016-08-16T13:58:34" hostname="localhost" time="6.407" errors="0" tests="1" skipped="0" disabled="0" failures="0">
  <testcase classname="Folder Translation.When user create folder and selects the English language: " name="Should check every elements using the right language" time="6.406" />
 </testsuite>
 <testsuite name="Folder Translation.When user create folder  input isExist name and selects the English language: " timestamp="2016-08-16T13:58:40" hostname="localhost" time="6.41" errors="0" tests="1" skipped="0" disabled="0" failures="0">
  <testcase classname="Folder Translation.When user create folder  input isExist name and selects the English language: " name="Should check every elements using the right language" time="6.401" />
 </testsuite>
 <testsuite name="Folder Translation.Clear All" timestamp="2016-08-16T13:58:46" hostname="localhost" time="11.656" errors="0" tests="1" skipped="0" disabled="0" failures="0">
  <testcase classname="Folder Translation.Clear All" name="Should Clear all" time="11.656" />
 </testsuite>
 <testsuite name="Folder Translation.Clear all test account" timestamp="2016-08-16T13:58:58" hostname="localhost" time="30.576" errors="0" tests="1" skipped="0" disabled="0" failures="0">
  <testcase classname="Folder Translation.Clear all test account" name="Should clear all test account" time="30.575" />
 </testsuite>
</testsuites>